20110313 16:24:32.353 1 massim.server.Server.config:151  Server launched
20110313 16:24:32.363 1 massim.framework.connection.InetSocketListener.<init>:16  InetSocketListener created. Set to port 12300 with backlog 10
node:[match: null]
20110313 16:24:32.381 1 massim.server.Server.createRMI:693  Create rmiregistry on port  1099
20110313 16:24:32.383 10 massim.framework.connection.InetSocketListener.waitForIncomingSocket:28
20110313 16:24:32.384 10 massim.framework.connection.InetSocketListener.waitForIncomingSocket:31  waiting for connection...
20110313 16:24:35.995 10 massim.framework.connection.InetSocketListener.waitForIncomingSocket:33  got a connection
20110313 16:24:35.995 10 massim.framework.connection.InetSocketListener.waitForIncomingSocket:28
20110313 16:24:35.995 19 massim.framework.connection.AbstractSocketLoginManager.handleSocket:33
20110313 16:24:35.996 10 massim.framework.connection.InetSocketListener.waitForIncomingSocket:31  waiting for connection...
20110313 16:24:35.996 19 massim.framework.connection.UsernamePasswordSocketLoginManager.getAuthentication:40  retrieving authentication from client 
x<?xml version="1.0" encoding="UTF-8" standalone="no"?><message type="auth-request"><authentication password="1" username="a1"/></message>
20110313 16:24:38.001 19 massim.framework.connection.UsernamePasswordSocketLoginManager.getAuthentication:75  got authentication: a1:1:127.0.0.1
20110313 16:24:42.614 1 massim.server.Server.run:521  now playing: A vs B
20110313 16:24:42.623 1 massim.server.ServerSimulationRun2.<init>:127  ######################### new simulation run ----
20110313 16:24:42.639 1 massim.framework.DefaultObserver.start:18
20110313 16:24:42.640 1 massim.framework.DefaultObserver.start:18
20110313 16:24:42.640 1 massim.framework.ObjectDumperObserver.start:68
20110313 16:24:42.641 1 massim.framework.rmi.XMLDocumentObserver.start:111  creating...
20110313 16:24:42.643 1 massim.framework.rmi.XMLDocumentObserver.start:113  binding...
20110313 16:24:42.653 1 massim.framework.rmi.XMLDocumentObserver.start:116  bound
20110313 16:24:42.654 1 massim.framework.DefaultObserver.notifySimulationConfiguration:30
20110313 16:24:42.654 1 massim.framework.DefaultObserver.notifySimulationConfiguration:30
20110313 16:24:42.655 1 massim.framework.ObjectDumperObserver.notifySimulationStart:50
20110313 16:24:42.706 1 massim.framework.ObjectDumperObserver.notifySimulationState:57
20110313 16:24:45.263 22 massim.framework.connection.XMLSocketSimulationAgent.getAction:430  No valid document received in time. Returning InvalidAction.
20110313 16:24:45.269 23 massim.framework.connection.XMLSocketSimulationAgent.getAction:430  No valid document received in time. Returning InvalidAction.
20110313 16:24:45.269 24 massim.framework.connection.XMLSocketSimulationAgent.getAction:430  No valid document received in time. Returning InvalidAction.
20110313 16:24:45.270 27 massim.framework.connection.XMLSocketSimulationAgent.getAction:430  No valid document received in time. Returning InvalidAction.
20110313 16:24:45.270 28 massim.framework.connection.XMLSocketSimulationAgent.getAction:430  No valid document received in time. Returning InvalidAction.
20110313 16:24:45.271 32 massim.framework.connection.XMLSocketSimulationAgent.getAction:430  No valid document received in time. Returning InvalidAction.
20110313 16:24:45.271 29 massim.framework.connection.XMLSocketSimulationAgent.getAction:430  No valid document received in time. Returning InvalidAction.
20110313 16:24:45.271 31 massim.framework.connection.XMLSocketSimulationAgent.getAction:430  No valid document received in time. Returning InvalidAction.
20110313 16:24:45.271 30 massim.framework.connection.XMLSocketSimulationAgent.getAction:430  No valid document received in time. Returning InvalidAction.
20110313 16:24:45.271 25 massim.framework.connection.XMLSocketSimulationAgent.getAction:430  No valid document received in time. Returning InvalidAction.
20110313 16:24:45.272 26 massim.framework.connection.XMLSocketSimulationAgent.getAction:430  No valid document received in time. Returning InvalidAction.
20110313 16:24:45.272 37 massim.framework.connection.XMLSocketSimulationAgent.getAction:430  No valid document received in time. Returning InvalidAction.
20110313 16:24:45.272 35 massim.framework.connection.XMLSocketSimulationAgent.getAction:430  No valid document received in time. Returning InvalidAction.
20110313 16:24:45.272 33 massim.framework.connection.XMLSocketSimulationAgent.getAction:430  No valid document received in time. Returning InvalidAction.
20110313 16:24:45.272 34 massim.framework.connection.XMLSocketSimulationAgent.getAction:430  No valid document received in time. Returning InvalidAction.
20110313 16:24:45.273 38 massim.framework.connection.XMLSocketSimulationAgent.getAction:430  No valid document received in time. Returning InvalidAction.
20110313 16:24:45.273 36 massim.framework.connection.XMLSocketSimulationAgent.getAction:430  No valid document received in time. Returning InvalidAction.
20110313 16:24:45.273 39 massim.framework.connection.XMLSocketSimulationAgent.getAction:430  No valid document received in time. Returning InvalidAction.
20110313 16:24:45.274 41 massim.framework.connection.XMLSocketSimulationAgent.getAction:430  No valid document received in time. Returning InvalidAction.
20110313 16:24:45.274 40 massim.framework.connection.XMLSocketSimulationAgent.getAction:430  No valid document received in time. Returning InvalidAction.
20110313 16:24:45.279 1 massim.competition2011.GraphSimulation.postSimulationStep:85  Simulation at step: 1
20110313 16:24:45.292 1 massim.framework.ObjectDumperObserver.notifySimulationState:57
20110313 16:24:47.805 42 massim.framework.connection.XMLSocketSimulationAgent.getAction:430  No valid document received in time. Returning InvalidAction.
20110313 16:24:47.821 44 massim.framework.connection.XMLSocketSimulationAgent.getAction:430  No valid document received in time. Returning InvalidAction.
20110313 16:24:47.821 43 massim.framework.connection.XMLSocketSimulationAgent.getAction:430  No valid document received in time. Returning InvalidAction.
20110313 16:24:47.825 46 massim.framework.connection.XMLSocketSimulationAgent.getAction:430  No valid document received in time. Returning InvalidAction.
20110313 16:24:47.825 45 massim.framework.connection.XMLSocketSimulationAgent.getAction:430  No valid document received in time. Returning InvalidAction.
20110313 16:24:47.828 47 massim.framework.connection.XMLSocketSimulationAgent.getAction:430  No valid document received in time. Returning InvalidAction.
20110313 16:24:47.831 49 massim.framework.connection.XMLSocketSimulationAgent.getAction:430  No valid document received in time. Returning InvalidAction.
20110313 16:24:47.831 48 massim.framework.connection.XMLSocketSimulationAgent.getAction:430  No valid document received in time. Returning InvalidAction.
20110313 16:24:47.835 51 massim.framework.connection.XMLSocketSimulationAgent.getAction:430  No valid document received in time. Returning InvalidAction.
20110313 16:24:47.835 50 massim.framework.connection.XMLSocketSimulationAgent.getAction:430  No valid document received in time. Returning InvalidAction.
20110313 16:24:47.838 52 massim.framework.connection.XMLSocketSimulationAgent.getAction:430  No valid document received in time. Returning InvalidAction.
20110313 16:24:47.841 53 massim.framework.connection.XMLSocketSimulationAgent.getAction:430  No valid document received in time. Returning InvalidAction.
20110313 16:24:47.841 54 massim.framework.connection.XMLSocketSimulationAgent.getAction:430  No valid document received in time. Returning InvalidAction.
20110313 16:24:47.845 55 massim.framework.connection.XMLSocketSimulationAgent.getAction:430  No valid document received in time. Returning InvalidAction.
20110313 16:24:47.845 56 massim.framework.connection.XMLSocketSimulationAgent.getAction:430  No valid document received in time. Returning InvalidAction.
20110313 16:24:47.849 57 massim.framework.connection.XMLSocketSimulationAgent.getAction:430  No valid document received in time. Returning InvalidAction.
20110313 16:24:47.849 58 massim.framework.connection.XMLSocketSimulationAgent.getAction:430  No valid document received in time. Returning InvalidAction.
20110313 16:24:47.853 59 massim.framework.connection.XMLSocketSimulationAgent.getAction:430  No valid document received in time. Returning InvalidAction.
20110313 16:24:47.856 60 massim.framework.connection.XMLSocketSimulationAgent.getAction:430  No valid document received in time. Returning InvalidAction.
20110313 16:24:47.856 61 massim.framework.connection.XMLSocketSimulationAgent.getAction:430  No valid document received in time. Returning InvalidAction.
20110313 16:24:47.857 1 massim.competition2011.GraphSimulation.postSimulationStep:85  Simulation at step: 2
20110313 16:24:47.858 1 massim.framework.ObjectDumperObserver.notifySimulationState:57
20110313 16:24:50.377 63 massim.framework.connection.XMLSocketSimulationAgent.getAction:430  No valid document received in time. Returning InvalidAction.
20110313 16:24:50.377 62 massim.framework.connection.XMLSocketSimulationAgent.getAction:430  No valid document received in time. Returning InvalidAction.
20110313 16:24:50.392 64 massim.framework.connection.XMLSocketSimulationAgent.getAction:430  No valid document received in time. Returning InvalidAction.
20110313 16:24:50.402 66 massim.framework.connection.XMLSocketSimulationAgent.getAction:430  No valid document received in time. Returning InvalidAction.
20110313 16:24:50.402 65 massim.framework.connection.XMLSocketSimulationAgent.getAction:430  No valid document received in time. Returning InvalidAction.
20110313 16:24:50.405 67 massim.framework.connection.XMLSocketSimulationAgent.getAction:430  No valid document received in time. Returning InvalidAction.
20110313 16:24:50.408 68 massim.framework.connection.XMLSocketSimulationAgent.getAction:430  No valid document received in time. Returning InvalidAction.
20110313 16:24:50.410 70 massim.framework.connection.XMLSocketSimulationAgent.getAction:430  No valid document received in time. Returning InvalidAction.
20110313 16:24:50.410 69 massim.framework.connection.XMLSocketSimulationAgent.getAction:430  No valid document received in time. Returning InvalidAction.
20110313 16:24:50.427 72 massim.framework.connection.XMLSocketSimulationAgent.getAction:430  No valid document received in time. Returning InvalidAction.
20110313 16:24:50.428 71 massim.framework.connection.XMLSocketSimulationAgent.getAction:430  No valid document received in time. Returning InvalidAction.
20110313 16:24:50.429 73 massim.framework.connection.XMLSocketSimulationAgent.getAction:430  No valid document received in time. Returning InvalidAction.
20110313 16:24:50.436 74 massim.framework.connection.XMLSocketSimulationAgent.getAction:430  No valid document received in time. Returning InvalidAction.
20110313 16:24:50.439 75 massim.framework.connection.XMLSocketSimulationAgent.getAction:430  No valid document received in time. Returning InvalidAction.
20110313 16:24:50.453 77 massim.framework.connection.XMLSocketSimulationAgent.getAction:430  No valid document received in time. Returning InvalidAction.
20110313 16:24:50.455 78 massim.framework.connection.XMLSocketSimulationAgent.getAction:430  No valid document received in time. Returning InvalidAction.
20110313 16:24:50.457 79 massim.framework.connection.XMLSocketSimulationAgent.getAction:430  No valid document received in time. Returning InvalidAction.
20110313 16:24:50.458 80 massim.framework.connection.XMLSocketSimulationAgent.getAction:430  No valid document received in time. Returning InvalidAction.
20110313 16:24:50.458 76 massim.framework.connection.XMLSocketSimulationAgent.getAction:430  No valid document received in time. Returning InvalidAction.
20110313 16:24:50.460 81 massim.framework.connection.XMLSocketSimulationAgent.getAction:430  No valid document received in time. Returning InvalidAction.
20110313 16:24:50.461 1 massim.competition2011.GraphSimulation.postSimulationStep:85  Simulation at step: 3
20110313 16:24:50.461 1 massim.framework.ObjectDumperObserver.notifySimulationState:57
20110313 16:24:52.968 82 massim.framework.connection.XMLSocketSimulationAgent.getAction:430  No valid document received in time. Returning InvalidAction.
20110313 16:24:52.969 83 massim.framework.connection.XMLSocketSimulationAgent.getAction:430  No valid document received in time. Returning InvalidAction.
20110313 16:24:52.971 84 massim.framework.connection.XMLSocketSimulationAgent.getAction:430  No valid document received in time. Returning InvalidAction.
20110313 16:24:52.974 85 massim.framework.connection.XMLSocketSimulationAgent.getAction:430  No valid document received in time. Returning InvalidAction.
20110313 16:24:52.981 86 massim.framework.connection.XMLSocketSimulationAgent.getAction:430  No valid document received in time. Returning InvalidAction.
20110313 16:24:52.984 87 massim.framework.connection.XMLSocketSimulationAgent.getAction:430  No valid document received in time. Returning InvalidAction.
20110313 16:24:52.992 88 massim.framework.connection.XMLSocketSimulationAgent.getAction:430  No valid document received in time. Returning InvalidAction.
20110313 16:24:52.992 90 massim.framework.connection.XMLSocketSimulationAgent.getAction:430  No valid document received in time. Returning InvalidAction.
20110313 16:24:52.994 89 massim.framework.connection.XMLSocketSimulationAgent.getAction:430  No valid document received in time. Returning InvalidAction.
20110313 16:24:52.995 91 massim.framework.connection.XMLSocketSimulationAgent.getAction:430  No valid document received in time. Returning InvalidAction.
20110313 16:24:52.999 92 massim.framework.connection.XMLSocketSimulationAgent.getAction:430  No valid document received in time. Returning InvalidAction.
20110313 16:24:53.010 93 massim.framework.connection.XMLSocketSimulationAgent.getAction:430  No valid document received in time. Returning InvalidAction.
20110313 16:24:53.010 94 massim.framework.connection.XMLSocketSimulationAgent.getAction:430  No valid document received in time. Returning InvalidAction.
20110313 16:24:53.011 95 massim.framework.connection.XMLSocketSimulationAgent.getAction:430  No valid document received in time. Returning InvalidAction.
20110313 16:24:53.012 96 massim.framework.connection.XMLSocketSimulationAgent.getAction:430  No valid document received in time. Returning InvalidAction.
20110313 16:24:53.014 98 massim.framework.connection.XMLSocketSimulationAgent.getAction:430  No valid document received in time. Returning InvalidAction.
20110313 16:24:53.014 97 massim.framework.connection.XMLSocketSimulationAgent.getAction:430  No valid document received in time. Returning InvalidAction.
20110313 16:24:53.018 99 massim.framework.connection.XMLSocketSimulationAgent.getAction:430  No valid document received in time. Returning InvalidAction.
20110313 16:24:53.020 100 massim.framework.connection.XMLSocketSimulationAgent.getAction:430  No valid document received in time. Returning InvalidAction.
20110313 16:24:53.021 101 massim.framework.connection.XMLSocketSimulationAgent.getAction:430  No valid document received in time. Returning InvalidAction.
20110313 16:24:53.022 1 massim.competition2011.GraphSimulation.postSimulationStep:85  Simulation at step: 4
20110313 16:24:53.022 1 massim.framework.ObjectDumperObserver.notifySimulationState:57
20110313 16:24:55.532 102 massim.framework.connection.XMLSocketSimulationAgent.getAction:430  No valid document received in time. Returning InvalidAction.
20110313 16:24:55.537 103 massim.framework.connection.XMLSocketSimulationAgent.getAction:430  No valid document received in time. Returning InvalidAction.
20110313 16:24:55.538 104 massim.framework.connection.XMLSocketSimulationAgent.getAction:430  No valid document received in time. Returning InvalidAction.
20110313 16:24:55.539 105 massim.framework.connection.XMLSocketSimulationAgent.getAction:430  No valid document received in time. Returning InvalidAction.
20110313 16:24:55.539 106 massim.framework.connection.XMLSocketSimulationAgent.getAction:430  No valid document received in time. Returning InvalidAction.
20110313 16:24:55.540 108 massim.framework.connection.XMLSocketSimulationAgent.getAction:430  No valid document received in time. Returning InvalidAction.
20110313 16:24:55.540 107 massim.framework.connection.XMLSocketSimulationAgent.getAction:430  No valid document received in time. Returning InvalidAction.
20110313 16:24:55.541 109 massim.framework.connection.XMLSocketSimulationAgent.getAction:430  No valid document received in time. Returning InvalidAction.
20110313 16:24:55.541 110 massim.framework.connection.XMLSocketSimulationAgent.getAction:430  No valid document received in time. Returning InvalidAction.
20110313 16:24:55.542 111 massim.framework.connection.XMLSocketSimulationAgent.getAction:430  No valid document received in time. Returning InvalidAction.
20110313 16:24:55.543 113 massim.framework.connection.XMLSocketSimulationAgent.getAction:430  No valid document received in time. Returning InvalidAction.
20110313 16:24:55.545 112 massim.framework.connection.XMLSocketSimulationAgent.getAction:430  No valid document received in time. Returning InvalidAction.
20110313 16:24:55.546 114 massim.framework.connection.XMLSocketSimulationAgent.getAction:430  No valid document received in time. Returning InvalidAction.
20110313 16:24:55.546 115 massim.framework.connection.XMLSocketSimulationAgent.getAction:430  No valid document received in time. Returning InvalidAction.
20110313 16:24:55.547 116 massim.framework.connection.XMLSocketSimulationAgent.getAction:430  No valid document received in time. Returning InvalidAction.
20110313 16:24:55.548 117 massim.framework.connection.XMLSocketSimulationAgent.getAction:430  No valid document received in time. Returning InvalidAction.
20110313 16:24:55.548 118 massim.framework.connection.XMLSocketSimulationAgent.getAction:430  No valid document received in time. Returning InvalidAction.
20110313 16:24:55.549 119 massim.framework.connection.XMLSocketSimulationAgent.getAction:430  No valid document received in time. Returning InvalidAction.
20110313 16:24:55.550 120 massim.framework.connection.XMLSocketSimulationAgent.getAction:430  No valid document received in time. Returning InvalidAction.
20110313 16:24:55.550 121 massim.framework.connection.XMLSocketSimulationAgent.getAction:430  No valid document received in time. Returning InvalidAction.
20110313 16:24:55.553 1 massim.competition2011.GraphSimulation.postSimulationStep:85  Simulation at step: 5
20110313 16:24:55.553 1 massim.framework.ObjectDumperObserver.notifySimulationState:57
20110313 16:24:55.562 21 massim.framework.connection.XMLSocketSimulationAgent.socketThreadSend:647  Error while writing to socket. Abandoning socket
20110313 16:24:55.563 21 massim.framework.connection.XMLSocketSimulationAgent.socketThreadSend:651  Thread finished successfully.
