20110313 16:18:18.869 1 massim.server.Server.config:151  Server launched
20110313 16:18:18.883 1 massim.framework.connection.InetSocketListener.<init>:16  InetSocketListener created. Set to port 12300 with backlog 10
node:[match: null]
20110313 16:18:18.909 1 massim.server.Server.createRMI:693  Create rmiregistry on port  1099
20110313 16:18:18.926 10 massim.framework.connection.InetSocketListener.waitForIncomingSocket:28
20110313 16:18:18.928 10 massim.framework.connection.InetSocketListener.waitForIncomingSocket:31  waiting for connection...
20110313 16:18:38.294 10 massim.framework.connection.InetSocketListener.waitForIncomingSocket:33  got a connection
20110313 16:18:38.295 10 massim.framework.connection.InetSocketListener.waitForIncomingSocket:28
20110313 16:18:38.295 19 massim.framework.connection.AbstractSocketLoginManager.handleSocket:33
20110313 16:18:38.295 10 massim.framework.connection.InetSocketListener.waitForIncomingSocket:31  waiting for connection...
20110313 16:18:38.295 19 massim.framework.connection.UsernamePasswordSocketLoginManager.getAuthentication:40  retrieving authentication from client 
x<?xml version="1.0" encoding="UTF-8" standalone="no"?><message type="auth-request"><authentication password="1" username="a1"/></message>
20110313 16:18:40.301 19 massim.framework.connection.UsernamePasswordSocketLoginManager.getAuthentication:75  got authentication: a1:1:127.0.0.1
20110313 16:19:06.975 10 massim.framework.connection.InetSocketListener.waitForIncomingSocket:33  got a connection
20110313 16:19:06.978 10 massim.framework.connection.InetSocketListener.waitForIncomingSocket:28
20110313 16:19:06.978 22 massim.framework.connection.AbstractSocketLoginManager.handleSocket:33
20110313 16:19:06.978 10 massim.framework.connection.InetSocketListener.waitForIncomingSocket:31  waiting for connection...
20110313 16:19:06.978 22 massim.framework.connection.UsernamePasswordSocketLoginManager.getAuthentication:40  retrieving authentication from client 
x<?xml version="1.0" encoding="UTF-8" standalone="no"?><message type="auth-request"><authentication password="1" username="a1"/></message>
20110313 16:19:08.982 22 massim.framework.connection.UsernamePasswordSocketLoginManager.getAuthentication:75  got authentication: a1:1:127.0.0.1
20110313 16:19:08.985 21 massim.framework.connection.XMLSocketSimulationAgent.socketThreadSend:636  Thread interrupted.
20110313 16:19:08.985 21 massim.framework.connection.XMLSocketSimulationAgent.socketThreadSend:651  Thread finished successfully.
20110313 16:19:12.374 1 massim.server.Server.run:521  now playing: A vs B
20110313 16:19:12.383 1 massim.server.ServerSimulationRun2.<init>:127  ######################### new simulation run ----
20110313 16:19:12.430 1 massim.framework.DefaultObserver.start:18
20110313 16:19:12.430 1 massim.framework.DefaultObserver.start:18
20110313 16:19:12.431 1 massim.framework.ObjectDumperObserver.start:68
20110313 16:19:12.431 1 massim.framework.rmi.XMLDocumentObserver.start:111  creating...
20110313 16:19:12.434 1 massim.framework.rmi.XMLDocumentObserver.start:113  binding...
20110313 16:19:17.601 1 massim.framework.rmi.XMLDocumentObserver.start:116  bound
20110313 16:19:17.601 1 massim.framework.DefaultObserver.notifySimulationConfiguration:30
20110313 16:19:17.602 1 massim.framework.DefaultObserver.notifySimulationConfiguration:30
20110313 16:19:17.602 1 massim.framework.ObjectDumperObserver.notifySimulationStart:50
20110313 16:19:17.652 1 massim.framework.ObjectDumperObserver.notifySimulationState:57
20110313 16:19:20.218 25 massim.framework.connection.XMLSocketSimulationAgent.getAction:430  No valid document received in time. Returning InvalidAction.
20110313 16:19:20.221 26 massim.framework.connection.XMLSocketSimulationAgent.getAction:430  No valid document received in time. Returning InvalidAction.
20110313 16:19:20.224 29 massim.framework.connection.XMLSocketSimulationAgent.getAction:430  No valid document received in time. Returning InvalidAction.
20110313 16:19:20.224 28 massim.framework.connection.XMLSocketSimulationAgent.getAction:430  No valid document received in time. Returning InvalidAction.
20110313 16:19:20.224 27 massim.framework.connection.XMLSocketSimulationAgent.getAction:430  No valid document received in time. Returning InvalidAction.
20110313 16:19:20.228 31 massim.framework.connection.XMLSocketSimulationAgent.getAction:430  No valid document received in time. Returning InvalidAction.
20110313 16:19:20.228 32 massim.framework.connection.XMLSocketSimulationAgent.getAction:430  No valid document received in time. Returning InvalidAction.
20110313 16:19:20.229 30 massim.framework.connection.XMLSocketSimulationAgent.getAction:430  No valid document received in time. Returning InvalidAction.
20110313 16:19:20.242 33 massim.framework.connection.XMLSocketSimulationAgent.getAction:430  No valid document received in time. Returning InvalidAction.
20110313 16:19:20.244 34 massim.framework.connection.XMLSocketSimulationAgent.getAction:430  No valid document received in time. Returning InvalidAction.
20110313 16:19:20.246 35 massim.framework.connection.XMLSocketSimulationAgent.getAction:430  No valid document received in time. Returning InvalidAction.
20110313 16:19:20.247 38 massim.framework.connection.XMLSocketSimulationAgent.getAction:430  No valid document received in time. Returning InvalidAction.
20110313 16:19:20.247 36 massim.framework.connection.XMLSocketSimulationAgent.getAction:430  No valid document received in time. Returning InvalidAction.
20110313 16:19:20.250 41 massim.framework.connection.XMLSocketSimulationAgent.getAction:430  No valid document received in time. Returning InvalidAction.
20110313 16:19:20.251 39 massim.framework.connection.XMLSocketSimulationAgent.getAction:430  No valid document received in time. Returning InvalidAction.
20110313 16:19:20.250 37 massim.framework.connection.XMLSocketSimulationAgent.getAction:430  No valid document received in time. Returning InvalidAction.
20110313 16:19:20.253 40 massim.framework.connection.XMLSocketSimulationAgent.getAction:430  No valid document received in time. Returning InvalidAction.
20110313 16:19:20.254 44 massim.framework.connection.XMLSocketSimulationAgent.getAction:430  No valid document received in time. Returning InvalidAction.
20110313 16:19:20.260 42 massim.framework.connection.XMLSocketSimulationAgent.getAction:430  No valid document received in time. Returning InvalidAction.
20110313 16:19:20.260 43 massim.framework.connection.XMLSocketSimulationAgent.getAction:430  No valid document received in time. Returning InvalidAction.
20110313 16:19:20.266 1 massim.competition2011.GraphSimulation.postSimulationStep:85  Simulation at step: 1
20110313 16:19:20.266 1 massim.framework.ObjectDumperObserver.notifySimulationState:57
20110313 16:19:22.779 45 massim.framework.connection.XMLSocketSimulationAgent.getAction:430  No valid document received in time. Returning InvalidAction.
20110313 16:19:22.789 46 massim.framework.connection.XMLSocketSimulationAgent.getAction:430  No valid document received in time. Returning InvalidAction.
20110313 16:19:22.794 47 massim.framework.connection.XMLSocketSimulationAgent.getAction:430  No valid document received in time. Returning InvalidAction.
20110313 16:19:22.798 48 massim.framework.connection.XMLSocketSimulationAgent.getAction:430  No valid document received in time. Returning InvalidAction.
20110313 16:19:22.802 49 massim.framework.connection.XMLSocketSimulationAgent.getAction:430  No valid document received in time. Returning InvalidAction.
20110313 16:19:22.803 51 massim.framework.connection.XMLSocketSimulationAgent.getAction:430  No valid document received in time. Returning InvalidAction.
20110313 16:19:22.803 50 massim.framework.connection.XMLSocketSimulationAgent.getAction:430  No valid document received in time. Returning InvalidAction.
20110313 16:19:22.807 53 massim.framework.connection.XMLSocketSimulationAgent.getAction:430  No valid document received in time. Returning InvalidAction.
20110313 16:19:22.807 52 massim.framework.connection.XMLSocketSimulationAgent.getAction:430  No valid document received in time. Returning InvalidAction.
20110313 16:19:22.810 54 massim.framework.connection.XMLSocketSimulationAgent.getAction:430  No valid document received in time. Returning InvalidAction.
20110313 16:19:22.813 55 massim.framework.connection.XMLSocketSimulationAgent.getAction:430  No valid document received in time. Returning InvalidAction.
20110313 16:19:22.813 56 massim.framework.connection.XMLSocketSimulationAgent.getAction:430  No valid document received in time. Returning InvalidAction.
20110313 16:19:22.816 57 massim.framework.connection.XMLSocketSimulationAgent.getAction:430  No valid document received in time. Returning InvalidAction.
20110313 16:19:22.816 58 massim.framework.connection.XMLSocketSimulationAgent.getAction:430  No valid document received in time. Returning InvalidAction.
20110313 16:19:22.818 59 massim.framework.connection.XMLSocketSimulationAgent.getAction:430  No valid document received in time. Returning InvalidAction.
20110313 16:19:22.819 60 massim.framework.connection.XMLSocketSimulationAgent.getAction:430  No valid document received in time. Returning InvalidAction.
20110313 16:19:22.820 61 massim.framework.connection.XMLSocketSimulationAgent.getAction:430  No valid document received in time. Returning InvalidAction.
20110313 16:19:22.823 62 massim.framework.connection.XMLSocketSimulationAgent.getAction:430  No valid document received in time. Returning InvalidAction.
20110313 16:19:22.824 63 massim.framework.connection.XMLSocketSimulationAgent.getAction:430  No valid document received in time. Returning InvalidAction.
20110313 16:19:22.827 64 massim.framework.connection.XMLSocketSimulationAgent.getAction:430  No valid document received in time. Returning InvalidAction.
20110313 16:19:22.828 1 massim.competition2011.GraphSimulation.postSimulationStep:85  Simulation at step: 2
20110313 16:19:22.828 1 massim.framework.ObjectDumperObserver.notifySimulationState:57
20110313 16:19:25.343 66 massim.framework.connection.XMLSocketSimulationAgent.getAction:430  No valid document received in time. Returning InvalidAction.
20110313 16:19:25.343 65 massim.framework.connection.XMLSocketSimulationAgent.getAction:430  No valid document received in time. Returning InvalidAction.
20110313 16:19:25.347 67 massim.framework.connection.XMLSocketSimulationAgent.getAction:430  No valid document received in time. Returning InvalidAction.
20110313 16:19:25.358 68 massim.framework.connection.XMLSocketSimulationAgent.getAction:430  No valid document received in time. Returning InvalidAction.
20110313 16:19:25.359 74 massim.framework.connection.XMLSocketSimulationAgent.getAction:430  No valid document received in time. Returning InvalidAction.
20110313 16:19:25.359 76 massim.framework.connection.XMLSocketSimulationAgent.getAction:430  No valid document received in time. Returning InvalidAction.
20110313 16:19:25.359 69 massim.framework.connection.XMLSocketSimulationAgent.getAction:430  No valid document received in time. Returning InvalidAction.
20110313 16:19:25.359 75 massim.framework.connection.XMLSocketSimulationAgent.getAction:430  No valid document received in time. Returning InvalidAction.
20110313 16:19:25.360 77 massim.framework.connection.XMLSocketSimulationAgent.getAction:430  No valid document received in time. Returning InvalidAction.
20110313 16:19:25.360 80 massim.framework.connection.XMLSocketSimulationAgent.getAction:430  No valid document received in time. Returning InvalidAction.
20110313 16:19:25.360 72 massim.framework.connection.XMLSocketSimulationAgent.getAction:430  No valid document received in time. Returning InvalidAction.
20110313 16:19:25.360 79 massim.framework.connection.XMLSocketSimulationAgent.getAction:430  No valid document received in time. Returning InvalidAction.
20110313 16:19:25.360 71 massim.framework.connection.XMLSocketSimulationAgent.getAction:430  No valid document received in time. Returning InvalidAction.
20110313 16:19:25.360 78 massim.framework.connection.XMLSocketSimulationAgent.getAction:430  No valid document received in time. Returning InvalidAction.
20110313 16:19:25.361 73 massim.framework.connection.XMLSocketSimulationAgent.getAction:430  No valid document received in time. Returning InvalidAction.
20110313 16:19:25.361 83 massim.framework.connection.XMLSocketSimulationAgent.getAction:430  No valid document received in time. Returning InvalidAction.
20110313 16:19:25.361 70 massim.framework.connection.XMLSocketSimulationAgent.getAction:430  No valid document received in time. Returning InvalidAction.
20110313 16:19:25.362 82 massim.framework.connection.XMLSocketSimulationAgent.getAction:430  No valid document received in time. Returning InvalidAction.
20110313 16:19:25.362 81 massim.framework.connection.XMLSocketSimulationAgent.getAction:430  No valid document received in time. Returning InvalidAction.
20110313 16:19:25.378 84 massim.framework.connection.XMLSocketSimulationAgent.getAction:430  No valid document received in time. Returning InvalidAction.
20110313 16:19:25.379 1 massim.competition2011.GraphSimulation.postSimulationStep:85  Simulation at step: 3
20110313 16:19:25.379 1 massim.framework.ObjectDumperObserver.notifySimulationState:57
20110313 16:19:27.885 85 massim.framework.connection.XMLSocketSimulationAgent.getAction:430  No valid document received in time. Returning InvalidAction.
20110313 16:19:27.890 86 massim.framework.connection.XMLSocketSimulationAgent.getAction:430  No valid document received in time. Returning InvalidAction.
20110313 16:19:27.891 87 massim.framework.connection.XMLSocketSimulationAgent.getAction:430  No valid document received in time. Returning InvalidAction.
20110313 16:19:27.892 88 massim.framework.connection.XMLSocketSimulationAgent.getAction:430  No valid document received in time. Returning InvalidAction.
20110313 16:19:27.892 89 massim.framework.connection.XMLSocketSimulationAgent.getAction:430  No valid document received in time. Returning InvalidAction.
20110313 16:19:27.893 91 massim.framework.connection.XMLSocketSimulationAgent.getAction:430  No valid document received in time. Returning InvalidAction.
20110313 16:19:27.893 90 massim.framework.connection.XMLSocketSimulationAgent.getAction:430  No valid document received in time. Returning InvalidAction.
20110313 16:19:27.894 92 massim.framework.connection.XMLSocketSimulationAgent.getAction:430  No valid document received in time. Returning InvalidAction.
20110313 16:19:27.896 93 massim.framework.connection.XMLSocketSimulationAgent.getAction:430  No valid document received in time. Returning InvalidAction.
20110313 16:19:27.898 94 massim.framework.connection.XMLSocketSimulationAgent.getAction:430  No valid document received in time. Returning InvalidAction.
20110313 16:19:27.899 95 massim.framework.connection.XMLSocketSimulationAgent.getAction:430  No valid document received in time. Returning InvalidAction.
20110313 16:19:27.900 96 massim.framework.connection.XMLSocketSimulationAgent.getAction:430  No valid document received in time. Returning InvalidAction.
20110313 16:19:27.903 97 massim.framework.connection.XMLSocketSimulationAgent.getAction:430  No valid document received in time. Returning InvalidAction.
20110313 16:19:27.912 98 massim.framework.connection.XMLSocketSimulationAgent.getAction:430  No valid document received in time. Returning InvalidAction.
20110313 16:19:27.913 99 massim.framework.connection.XMLSocketSimulationAgent.getAction:430  No valid document received in time. Returning InvalidAction.
20110313 16:19:27.914 100 massim.framework.connection.XMLSocketSimulationAgent.getAction:430  No valid document received in time. Returning InvalidAction.
20110313 16:19:27.916 101 massim.framework.connection.XMLSocketSimulationAgent.getAction:430  No valid document received in time. Returning InvalidAction.
20110313 16:19:27.917 102 massim.framework.connection.XMLSocketSimulationAgent.getAction:430  No valid document received in time. Returning InvalidAction.
20110313 16:19:27.917 103 massim.framework.connection.XMLSocketSimulationAgent.getAction:430  No valid document received in time. Returning InvalidAction.
20110313 16:19:27.918 104 massim.framework.connection.XMLSocketSimulationAgent.getAction:430  No valid document received in time. Returning InvalidAction.
20110313 16:19:27.920 1 massim.competition2011.GraphSimulation.postSimulationStep:85  Simulation at step: 4
20110313 16:19:27.920 1 massim.framework.ObjectDumperObserver.notifySimulationState:57
20110313 16:19:30.428 106 massim.framework.connection.XMLSocketSimulationAgent.getAction:430  No valid document received in time. Returning InvalidAction.
20110313 16:19:30.428 105 massim.framework.connection.XMLSocketSimulationAgent.getAction:430  No valid document received in time. Returning InvalidAction.
20110313 16:19:30.430 107 massim.framework.connection.XMLSocketSimulationAgent.getAction:430  No valid document received in time. Returning InvalidAction.
20110313 16:19:30.431 108 massim.framework.connection.XMLSocketSimulationAgent.getAction:430  No valid document received in time. Returning InvalidAction.
20110313 16:19:30.432 109 massim.framework.connection.XMLSocketSimulationAgent.getAction:430  No valid document received in time. Returning InvalidAction.
20110313 16:19:30.433 110 massim.framework.connection.XMLSocketSimulationAgent.getAction:430  No valid document received in time. Returning InvalidAction.
20110313 16:19:30.434 111 massim.framework.connection.XMLSocketSimulationAgent.getAction:430  No valid document received in time. Returning InvalidAction.
20110313 16:19:30.434 112 massim.framework.connection.XMLSocketSimulationAgent.getAction:430  No valid document received in time. Returning InvalidAction.
20110313 16:19:30.435 113 massim.framework.connection.XMLSocketSimulationAgent.getAction:430  No valid document received in time. Returning InvalidAction.
20110313 16:19:30.436 114 massim.framework.connection.XMLSocketSimulationAgent.getAction:430  No valid document received in time. Returning InvalidAction.
20110313 16:19:30.436 115 massim.framework.connection.XMLSocketSimulationAgent.getAction:430  No valid document received in time. Returning InvalidAction.
20110313 16:19:30.437 116 massim.framework.connection.XMLSocketSimulationAgent.getAction:430  No valid document received in time. Returning InvalidAction.
20110313 16:19:30.437 117 massim.framework.connection.XMLSocketSimulationAgent.getAction:430  No valid document received in time. Returning InvalidAction.
20110313 16:19:30.438 118 massim.framework.connection.XMLSocketSimulationAgent.getAction:430  No valid document received in time. Returning InvalidAction.
20110313 16:19:30.439 119 massim.framework.connection.XMLSocketSimulationAgent.getAction:430  No valid document received in time. Returning InvalidAction.
20110313 16:19:30.439 120 massim.framework.connection.XMLSocketSimulationAgent.getAction:430  No valid document received in time. Returning InvalidAction.
20110313 16:19:30.440 121 massim.framework.connection.XMLSocketSimulationAgent.getAction:430  No valid document received in time. Returning InvalidAction.
20110313 16:19:30.441 122 massim.framework.connection.XMLSocketSimulationAgent.getAction:430  No valid document received in time. Returning InvalidAction.
20110313 16:19:30.442 123 massim.framework.connection.XMLSocketSimulationAgent.getAction:430  No valid document received in time. Returning InvalidAction.
20110313 16:19:30.443 124 massim.framework.connection.XMLSocketSimulationAgent.getAction:430  No valid document received in time. Returning InvalidAction.
20110313 16:19:30.444 1 massim.competition2011.GraphSimulation.postSimulationStep:85  Simulation at step: 5
20110313 16:19:30.444 1 massim.framework.ObjectDumperObserver.notifySimulationState:57
20110313 16:19:32.953 125 massim.framework.connection.XMLSocketSimulationAgent.getAction:430  No valid document received in time. Returning InvalidAction.
20110313 16:19:32.965 126 massim.framework.connection.XMLSocketSimulationAgent.getAction:430  No valid document received in time. Returning InvalidAction.
20110313 16:19:32.974 127 massim.framework.connection.XMLSocketSimulationAgent.getAction:430  No valid document received in time. Returning InvalidAction.
20110313 16:19:32.976 129 massim.framework.connection.XMLSocketSimulationAgent.getAction:430  No valid document received in time. Returning InvalidAction.
20110313 16:19:32.976 128 massim.framework.connection.XMLSocketSimulationAgent.getAction:430  No valid document received in time. Returning InvalidAction.
20110313 16:19:32.977 130 massim.framework.connection.XMLSocketSimulationAgent.getAction:430  No valid document received in time. Returning InvalidAction.
20110313 16:19:32.978 132 massim.framework.connection.XMLSocketSimulationAgent.getAction:430  No valid document received in time. Returning InvalidAction.
20110313 16:19:32.978 131 massim.framework.connection.XMLSocketSimulationAgent.getAction:430  No valid document received in time. Returning InvalidAction.
20110313 16:19:32.979 133 massim.framework.connection.XMLSocketSimulationAgent.getAction:430  No valid document received in time. Returning InvalidAction.
20110313 16:19:32.980 135 massim.framework.connection.XMLSocketSimulationAgent.getAction:430  No valid document received in time. Returning InvalidAction.
20110313 16:19:32.980 134 massim.framework.connection.XMLSocketSimulationAgent.getAction:430  No valid document received in time. Returning InvalidAction.
20110313 16:19:32.981 137 massim.framework.connection.XMLSocketSimulationAgent.getAction:430  No valid document received in time. Returning InvalidAction.
20110313 16:19:32.981 136 massim.framework.connection.XMLSocketSimulationAgent.getAction:430  No valid document received in time. Returning InvalidAction.
20110313 16:19:32.982 138 massim.framework.connection.XMLSocketSimulationAgent.getAction:430  No valid document received in time. Returning InvalidAction.
20110313 16:19:32.983 139 massim.framework.connection.XMLSocketSimulationAgent.getAction:430  No valid document received in time. Returning InvalidAction.
20110313 16:19:32.983 140 massim.framework.connection.XMLSocketSimulationAgent.getAction:430  No valid document received in time. Returning InvalidAction.
20110313 16:19:32.984 141 massim.framework.connection.XMLSocketSimulationAgent.getAction:430  No valid document received in time. Returning InvalidAction.
20110313 16:19:32.984 142 massim.framework.connection.XMLSocketSimulationAgent.getAction:430  No valid document received in time. Returning InvalidAction.
20110313 16:19:32.985 143 massim.framework.connection.XMLSocketSimulationAgent.getAction:430  No valid document received in time. Returning InvalidAction.
20110313 16:19:32.986 144 massim.framework.connection.XMLSocketSimulationAgent.getAction:430  No valid document received in time. Returning InvalidAction.
20110313 16:19:32.987 1 massim.competition2011.GraphSimulation.postSimulationStep:85  Simulation at step: 6
20110313 16:19:32.987 1 massim.framework.ObjectDumperObserver.notifySimulationState:57
20110313 16:19:35.495 145 massim.framework.connection.XMLSocketSimulationAgent.getAction:430  No valid document received in time. Returning InvalidAction.
20110313 16:19:35.500 146 massim.framework.connection.XMLSocketSimulationAgent.getAction:430  No valid document received in time. Returning InvalidAction.
20110313 16:19:35.500 147 massim.framework.connection.XMLSocketSimulationAgent.getAction:430  No valid document received in time. Returning InvalidAction.
20110313 16:19:35.501 149 massim.framework.connection.XMLSocketSimulationAgent.getAction:430  No valid document received in time. Returning InvalidAction.
20110313 16:19:35.501 148 massim.framework.connection.XMLSocketSimulationAgent.getAction:430  No valid document received in time. Returning InvalidAction.
20110313 16:19:35.502 150 massim.framework.connection.XMLSocketSimulationAgent.getAction:430  No valid document received in time. Returning InvalidAction.
20110313 16:19:35.504 151 massim.framework.connection.XMLSocketSimulationAgent.getAction:430  No valid document received in time. Returning InvalidAction.
20110313 16:19:35.505 152 massim.framework.connection.XMLSocketSimulationAgent.getAction:430  No valid document received in time. Returning InvalidAction.
20110313 16:19:35.507 153 massim.framework.connection.XMLSocketSimulationAgent.getAction:430  No valid document received in time. Returning InvalidAction.
20110313 16:19:35.510 154 massim.framework.connection.XMLSocketSimulationAgent.getAction:430  No valid document received in time. Returning InvalidAction.
20110313 16:19:35.511 155 massim.framework.connection.XMLSocketSimulationAgent.getAction:430  No valid document received in time. Returning InvalidAction.
20110313 16:19:35.511 156 massim.framework.connection.XMLSocketSimulationAgent.getAction:430  No valid document received in time. Returning InvalidAction.
20110313 16:19:35.512 157 massim.framework.connection.XMLSocketSimulationAgent.getAction:430  No valid document received in time. Returning InvalidAction.
20110313 16:19:35.513 158 massim.framework.connection.XMLSocketSimulationAgent.getAction:430  No valid document received in time. Returning InvalidAction.
20110313 16:19:35.513 160 massim.framework.connection.XMLSocketSimulationAgent.getAction:430  No valid document received in time. Returning InvalidAction.
20110313 16:19:35.513 159 massim.framework.connection.XMLSocketSimulationAgent.getAction:430  No valid document received in time. Returning InvalidAction.
20110313 16:19:35.514 161 massim.framework.connection.XMLSocketSimulationAgent.getAction:430  No valid document received in time. Returning InvalidAction.
20110313 16:19:35.514 162 massim.framework.connection.XMLSocketSimulationAgent.getAction:430  No valid document received in time. Returning InvalidAction.
20110313 16:19:35.515 163 massim.framework.connection.XMLSocketSimulationAgent.getAction:430  No valid document received in time. Returning InvalidAction.
20110313 16:19:35.516 164 massim.framework.connection.XMLSocketSimulationAgent.getAction:430  No valid document received in time. Returning InvalidAction.
20110313 16:19:35.517 1 massim.competition2011.GraphSimulation.postSimulationStep:85  Simulation at step: 7
20110313 16:19:35.517 1 massim.framework.ObjectDumperObserver.notifySimulationState:57
20110313 16:19:38.025 165 massim.framework.connection.XMLSocketSimulationAgent.getAction:430  No valid document received in time. Returning InvalidAction.
20110313 16:19:38.029 166 massim.framework.connection.XMLSocketSimulationAgent.getAction:430  No valid document received in time. Returning InvalidAction.
20110313 16:19:38.033 167 massim.framework.connection.XMLSocketSimulationAgent.getAction:430  No valid document received in time. Returning InvalidAction.
20110313 16:19:38.034 168 massim.framework.connection.XMLSocketSimulationAgent.getAction:430  No valid document received in time. Returning InvalidAction.
20110313 16:19:38.036 169 massim.framework.connection.XMLSocketSimulationAgent.getAction:430  No valid document received in time. Returning InvalidAction.
20110313 16:19:38.037 170 massim.framework.connection.XMLSocketSimulationAgent.getAction:430  No valid document received in time. Returning InvalidAction.
20110313 16:19:38.039 171 massim.framework.connection.XMLSocketSimulationAgent.getAction:430  No valid document received in time. Returning InvalidAction.
20110313 16:19:38.040 172 massim.framework.connection.XMLSocketSimulationAgent.getAction:430  No valid document received in time. Returning InvalidAction.
20110313 16:19:38.042 173 massim.framework.connection.XMLSocketSimulationAgent.getAction:430  No valid document received in time. Returning InvalidAction.
20110313 16:19:38.043 174 massim.framework.connection.XMLSocketSimulationAgent.getAction:430  No valid document received in time. Returning InvalidAction.
20110313 16:19:38.044 175 massim.framework.connection.XMLSocketSimulationAgent.getAction:430  No valid document received in time. Returning InvalidAction.
20110313 16:19:38.050 176 massim.framework.connection.XMLSocketSimulationAgent.getAction:430  No valid document received in time. Returning InvalidAction.
20110313 16:19:38.051 177 massim.framework.connection.XMLSocketSimulationAgent.getAction:430  No valid document received in time. Returning InvalidAction.
20110313 16:19:38.059 179 massim.framework.connection.XMLSocketSimulationAgent.getAction:430  No valid document received in time. Returning InvalidAction.
20110313 16:19:38.059 178 massim.framework.connection.XMLSocketSimulationAgent.getAction:430  No valid document received in time. Returning InvalidAction.
20110313 16:19:38.060 180 massim.framework.connection.XMLSocketSimulationAgent.getAction:430  No valid document received in time. Returning InvalidAction.
20110313 16:19:38.064 181 massim.framework.connection.XMLSocketSimulationAgent.getAction:430  No valid document received in time. Returning InvalidAction.
20110313 16:19:38.065 182 massim.framework.connection.XMLSocketSimulationAgent.getAction:430  No valid document received in time. Returning InvalidAction.
20110313 16:19:38.066 183 massim.framework.connection.XMLSocketSimulationAgent.getAction:430  No valid document received in time. Returning InvalidAction.
20110313 16:19:38.070 184 massim.framework.connection.XMLSocketSimulationAgent.getAction:430  No valid document received in time. Returning InvalidAction.
20110313 16:19:38.071 1 massim.competition2011.GraphSimulation.postSimulationStep:85  Simulation at step: 8
20110313 16:19:38.071 1 massim.framework.ObjectDumperObserver.notifySimulationState:57
20110313 16:19:40.596 186 massim.framework.connection.XMLSocketSimulationAgent.getAction:430  No valid document received in time. Returning InvalidAction.
20110313 16:19:40.597 185 massim.framework.connection.XMLSocketSimulationAgent.getAction:430  No valid document received in time. Returning InvalidAction.
20110313 16:19:40.602 187 massim.framework.connection.XMLSocketSimulationAgent.getAction:430  No valid document received in time. Returning InvalidAction.
20110313 16:19:40.611 189 massim.framework.connection.XMLSocketSimulationAgent.getAction:430  No valid document received in time. Returning InvalidAction.
20110313 16:19:40.612 190 massim.framework.connection.XMLSocketSimulationAgent.getAction:430  No valid document received in time. Returning InvalidAction.
20110313 16:19:40.613 191 massim.framework.connection.XMLSocketSimulationAgent.getAction:430  No valid document received in time. Returning InvalidAction.
20110313 16:19:40.614 192 massim.framework.connection.XMLSocketSimulationAgent.getAction:430  No valid document received in time. Returning InvalidAction.
20110313 16:19:40.615 193 massim.framework.connection.XMLSocketSimulationAgent.getAction:430  No valid document received in time. Returning InvalidAction.
20110313 16:19:40.615 188 massim.framework.connection.XMLSocketSimulationAgent.getAction:430  No valid document received in time. Returning InvalidAction.
20110313 16:19:40.627 195 massim.framework.connection.XMLSocketSimulationAgent.getAction:430  No valid document received in time. Returning InvalidAction.
20110313 16:19:40.627 196 massim.framework.connection.XMLSocketSimulationAgent.getAction:430  No valid document received in time. Returning InvalidAction.
20110313 16:19:40.629 197 massim.framework.connection.XMLSocketSimulationAgent.getAction:430  No valid document received in time. Returning InvalidAction.
20110313 16:19:40.630 194 massim.framework.connection.XMLSocketSimulationAgent.getAction:430  No valid document received in time. Returning InvalidAction.
20110313 16:19:40.630 198 massim.framework.connection.XMLSocketSimulationAgent.getAction:430  No valid document received in time. Returning InvalidAction.
20110313 16:19:40.631 199 massim.framework.connection.XMLSocketSimulationAgent.getAction:430  No valid document received in time. Returning InvalidAction.
20110313 16:19:40.632 200 massim.framework.connection.XMLSocketSimulationAgent.getAction:430  No valid document received in time. Returning InvalidAction.
20110313 16:19:40.633 201 massim.framework.connection.XMLSocketSimulationAgent.getAction:430  No valid document received in time. Returning InvalidAction.
20110313 16:19:40.634 202 massim.framework.connection.XMLSocketSimulationAgent.getAction:430  No valid document received in time. Returning InvalidAction.
20110313 16:19:40.635 203 massim.framework.connection.XMLSocketSimulationAgent.getAction:430  No valid document received in time. Returning InvalidAction.
20110313 16:19:40.636 204 massim.framework.connection.XMLSocketSimulationAgent.getAction:430  No valid document received in time. Returning InvalidAction.
20110313 16:19:40.637 1 massim.competition2011.GraphSimulation.postSimulationStep:85  Simulation at step: 9
20110313 16:19:40.637 1 massim.framework.ObjectDumperObserver.notifySimulationState:57
20110313 16:19:43.141 205 massim.framework.connection.XMLSocketSimulationAgent.getAction:430  No valid document received in time. Returning InvalidAction.
20110313 16:19:43.141 206 massim.framework.connection.XMLSocketSimulationAgent.getAction:430  No valid document received in time. Returning InvalidAction.
20110313 16:19:43.143 207 massim.framework.connection.XMLSocketSimulationAgent.getAction:430  No valid document received in time. Returning InvalidAction.
20110313 16:19:43.144 208 massim.framework.connection.XMLSocketSimulationAgent.getAction:430  No valid document received in time. Returning InvalidAction.
20110313 16:19:43.145 209 massim.framework.connection.XMLSocketSimulationAgent.getAction:430  No valid document received in time. Returning InvalidAction.
20110313 16:19:43.145 210 massim.framework.connection.XMLSocketSimulationAgent.getAction:430  No valid document received in time. Returning InvalidAction.
20110313 16:19:43.146 211 massim.framework.connection.XMLSocketSimulationAgent.getAction:430  No valid document received in time. Returning InvalidAction.
20110313 16:19:43.147 212 massim.framework.connection.XMLSocketSimulationAgent.getAction:430  No valid document received in time. Returning InvalidAction.
20110313 16:19:43.147 213 massim.framework.connection.XMLSocketSimulationAgent.getAction:430  No valid document received in time. Returning InvalidAction.
20110313 16:19:43.148 214 massim.framework.connection.XMLSocketSimulationAgent.getAction:430  No valid document received in time. Returning InvalidAction.
20110313 16:19:43.148 215 massim.framework.connection.XMLSocketSimulationAgent.getAction:430  No valid document received in time. Returning InvalidAction.
20110313 16:19:43.159 216 massim.framework.connection.XMLSocketSimulationAgent.getAction:430  No valid document received in time. Returning InvalidAction.
20110313 16:19:43.160 218 massim.framework.connection.XMLSocketSimulationAgent.getAction:430  No valid document received in time. Returning InvalidAction.
20110313 16:19:43.161 219 massim.framework.connection.XMLSocketSimulationAgent.getAction:430  No valid document received in time. Returning InvalidAction.
20110313 16:19:43.159 217 massim.framework.connection.XMLSocketSimulationAgent.getAction:430  No valid document received in time. Returning InvalidAction.
20110313 16:19:43.165 220 massim.framework.connection.XMLSocketSimulationAgent.getAction:430  No valid document received in time. Returning InvalidAction.
20110313 16:19:43.166 221 massim.framework.connection.XMLSocketSimulationAgent.getAction:430  No valid document received in time. Returning InvalidAction.
20110313 16:19:43.167 222 massim.framework.connection.XMLSocketSimulationAgent.getAction:430  No valid document received in time. Returning InvalidAction.
20110313 16:19:43.168 223 massim.framework.connection.XMLSocketSimulationAgent.getAction:430  No valid document received in time. Returning InvalidAction.
20110313 16:19:43.169 224 massim.framework.connection.XMLSocketSimulationAgent.getAction:430  No valid document received in time. Returning InvalidAction.
20110313 16:19:43.169 1 massim.competition2011.GraphSimulation.postSimulationStep:85  Simulation at step: 10
20110313 16:19:43.170 1 massim.framework.ObjectDumperObserver.notifySimulationState:57
20110313 16:19:45.675 225 massim.framework.connection.XMLSocketSimulationAgent.getAction:430  No valid document received in time. Returning InvalidAction.
20110313 16:19:45.677 226 massim.framework.connection.XMLSocketSimulationAgent.getAction:430  No valid document received in time. Returning InvalidAction.
20110313 16:19:45.686 227 massim.framework.connection.XMLSocketSimulationAgent.getAction:430  No valid document received in time. Returning InvalidAction.
20110313 16:19:45.690 229 massim.framework.connection.XMLSocketSimulationAgent.getAction:430  No valid document received in time. Returning InvalidAction.
20110313 16:19:45.691 230 massim.framework.connection.XMLSocketSimulationAgent.getAction:430  No valid document received in time. Returning InvalidAction.
20110313 16:19:45.691 228 massim.framework.connection.XMLSocketSimulationAgent.getAction:430  No valid document received in time. Returning InvalidAction.
20110313 16:19:45.692 231 massim.framework.connection.XMLSocketSimulationAgent.getAction:430  No valid document received in time. Returning InvalidAction.
20110313 16:19:45.697 233 massim.framework.connection.XMLSocketSimulationAgent.getAction:430  No valid document received in time. Returning InvalidAction.
20110313 16:19:45.698 234 massim.framework.connection.XMLSocketSimulationAgent.getAction:430  No valid document received in time. Returning InvalidAction.
20110313 16:19:45.698 232 massim.framework.connection.XMLSocketSimulationAgent.getAction:430  No valid document received in time. Returning InvalidAction.
20110313 16:19:45.699 235 massim.framework.connection.XMLSocketSimulationAgent.getAction:430  No valid document received in time. Returning InvalidAction.
20110313 16:19:45.704 236 massim.framework.connection.XMLSocketSimulationAgent.getAction:430  No valid document received in time. Returning InvalidAction.
20110313 16:19:45.708 238 massim.framework.connection.XMLSocketSimulationAgent.getAction:430  No valid document received in time. Returning InvalidAction.
20110313 16:19:45.708 237 massim.framework.connection.XMLSocketSimulationAgent.getAction:430  No valid document received in time. Returning InvalidAction.
20110313 16:19:45.709 241 massim.framework.connection.XMLSocketSimulationAgent.getAction:430  No valid document received in time. Returning InvalidAction.
20110313 16:19:45.709 239 massim.framework.connection.XMLSocketSimulationAgent.getAction:430  No valid document received in time. Returning InvalidAction.
20110313 16:19:45.710 240 massim.framework.connection.XMLSocketSimulationAgent.getAction:430  No valid document received in time. Returning InvalidAction.
20110313 16:19:45.711 243 massim.framework.connection.XMLSocketSimulationAgent.getAction:430  No valid document received in time. Returning InvalidAction.
20110313 16:19:45.711 242 massim.framework.connection.XMLSocketSimulationAgent.getAction:430  No valid document received in time. Returning InvalidAction.
20110313 16:19:45.712 244 massim.framework.connection.XMLSocketSimulationAgent.getAction:430  No valid document received in time. Returning InvalidAction.
20110313 16:19:45.712 1 massim.competition2011.GraphSimulation.postSimulationStep:85  Simulation at step: 11
20110313 16:19:45.713 1 massim.framework.ObjectDumperObserver.notifySimulationState:57
20110313 16:19:48.219 245 massim.framework.connection.XMLSocketSimulationAgent.getAction:430  No valid document received in time. Returning InvalidAction.
20110313 16:19:48.220 246 massim.framework.connection.XMLSocketSimulationAgent.getAction:430  No valid document received in time. Returning InvalidAction.
20110313 16:19:48.221 247 massim.framework.connection.XMLSocketSimulationAgent.getAction:430  No valid document received in time. Returning InvalidAction.
20110313 16:19:48.221 248 massim.framework.connection.XMLSocketSimulationAgent.getAction:430  No valid document received in time. Returning InvalidAction.
20110313 16:19:48.222 249 massim.framework.connection.XMLSocketSimulationAgent.getAction:430  No valid document received in time. Returning InvalidAction.
20110313 16:19:48.224 250 massim.framework.connection.XMLSocketSimulationAgent.getAction:430  No valid document received in time. Returning InvalidAction.
20110313 16:19:48.227 251 massim.framework.connection.XMLSocketSimulationAgent.getAction:430  No valid document received in time. Returning InvalidAction.
20110313 16:19:48.228 252 massim.framework.connection.XMLSocketSimulationAgent.getAction:430  No valid document received in time. Returning InvalidAction.
20110313 16:19:48.228 253 massim.framework.connection.XMLSocketSimulationAgent.getAction:430  No valid document received in time. Returning InvalidAction.
20110313 16:19:48.230 255 massim.framework.connection.XMLSocketSimulationAgent.getAction:430  No valid document received in time. Returning InvalidAction.
20110313 16:19:48.230 254 massim.framework.connection.XMLSocketSimulationAgent.getAction:430  No valid document received in time. Returning InvalidAction.
20110313 16:19:48.232 256 massim.framework.connection.XMLSocketSimulationAgent.getAction:430  No valid document received in time. Returning InvalidAction.
20110313 16:19:48.233 257 massim.framework.connection.XMLSocketSimulationAgent.getAction:430  No valid document received in time. Returning InvalidAction.
20110313 16:19:48.233 258 massim.framework.connection.XMLSocketSimulationAgent.getAction:430  No valid document received in time. Returning InvalidAction.
20110313 16:19:48.233 259 massim.framework.connection.XMLSocketSimulationAgent.getAction:430  No valid document received in time. Returning InvalidAction.
20110313 16:19:48.235 260 massim.framework.connection.XMLSocketSimulationAgent.getAction:430  No valid document received in time. Returning InvalidAction.
20110313 16:19:48.236 261 massim.framework.connection.XMLSocketSimulationAgent.getAction:430  No valid document received in time. Returning InvalidAction.
20110313 16:19:48.237 262 massim.framework.connection.XMLSocketSimulationAgent.getAction:430  No valid document received in time. Returning InvalidAction.
20110313 16:19:48.237 263 massim.framework.connection.XMLSocketSimulationAgent.getAction:430  No valid document received in time. Returning InvalidAction.
20110313 16:19:48.239 264 massim.framework.connection.XMLSocketSimulationAgent.getAction:430  No valid document received in time. Returning InvalidAction.
20110313 16:19:48.240 1 massim.competition2011.GraphSimulation.postSimulationStep:85  Simulation at step: 12
20110313 16:19:48.240 1 massim.framework.ObjectDumperObserver.notifySimulationState:57
