20110313 15:52:57.508 1 massim.server.Server.config:151  Server launched
20110313 15:52:57.536 1 massim.framework.connection.InetSocketListener.<init>:16  InetSocketListener created. Set to port 12300 with backlog 10
node:[match: null]
20110313 15:52:57.604 1 massim.server.Server.createRMI:693  Create rmiregistry on port  1099
20110313 15:52:57.606 10 massim.framework.connection.InetSocketListener.waitForIncomingSocket:28
20110313 15:52:57.606 10 massim.framework.connection.InetSocketListener.waitForIncomingSocket:31  waiting for connection...
20110313 15:54:32.580 10 massim.framework.connection.InetSocketListener.waitForIncomingSocket:33  got a connection
20110313 15:54:32.581 10 massim.framework.connection.InetSocketListener.waitForIncomingSocket:28
20110313 15:54:32.581 19 massim.framework.connection.AbstractSocketLoginManager.handleSocket:33
20110313 15:54:32.581 10 massim.framework.connection.InetSocketListener.waitForIncomingSocket:31  waiting for connection...
20110313 15:54:32.581 19 massim.framework.connection.UsernamePasswordSocketLoginManager.getAuthentication:40  retrieving authentication from client 
20110313 15:55:59.775 10 massim.framework.connection.InetSocketListener.waitForIncomingSocket:33  got a connection
20110313 15:55:59.776 10 massim.framework.connection.InetSocketListener.waitForIncomingSocket:28
20110313 15:55:59.777 10 massim.framework.connection.InetSocketListener.waitForIncomingSocket:31  waiting for connection...
20110313 15:55:59.778 20 massim.framework.connection.AbstractSocketLoginManager.handleSocket:33
20110313 15:55:59.779 20 massim.framework.connection.UsernamePasswordSocketLoginManager.getAuthentication:40  retrieving authentication from client 
x<?xml version="1.0" encoding="UTF-8" standalone="no"?><message type="auth-request"><authentication password="1" username="a1"/></message>
20110313 15:56:01.782 20 massim.framework.connection.UsernamePasswordSocketLoginManager.getAuthentication:75  got authentication: a1:1:127.0.0.1
20110313 16:03:01.149 10 massim.framework.connection.InetSocketListener.waitForIncomingSocket:33  got a connection
20110313 16:03:01.150 10 massim.framework.connection.InetSocketListener.waitForIncomingSocket:28
20110313 16:03:01.151 10 massim.framework.connection.InetSocketListener.waitForIncomingSocket:31  waiting for connection...
20110313 16:03:01.152 24 massim.framework.connection.AbstractSocketLoginManager.handleSocket:33
20110313 16:03:01.160 24 massim.framework.connection.UsernamePasswordSocketLoginManager.getAuthentication:40  retrieving authentication from client 
x<?xml version="1.0" encoding="UTF-8" standalone="no"?><message type="auth-request"><authentication password="1" username="a1"/></message>
20110313 16:03:03.155 24 massim.framework.connection.UsernamePasswordSocketLoginManager.getAuthentication:75  got authentication: a1:1:127.0.0.1
20110313 16:03:03.187 22 massim.framework.connection.XMLSocketSimulationAgent.socketThreadSend:636  Thread interrupted.
20110313 16:03:03.187 22 massim.framework.connection.XMLSocketSimulationAgent.socketThreadSend:651  Thread finished successfully.
20110313 16:03:10.869 10 massim.framework.connection.InetSocketListener.waitForIncomingSocket:33  got a connection
20110313 16:03:10.877 28 massim.framework.connection.AbstractSocketLoginManager.handleSocket:33
20110313 16:03:10.877 10 massim.framework.connection.InetSocketListener.waitForIncomingSocket:28
20110313 16:03:10.877 10 massim.framework.connection.InetSocketListener.waitForIncomingSocket:31  waiting for connection...
20110313 16:03:10.877 28 massim.framework.connection.UsernamePasswordSocketLoginManager.getAuthentication:40  retrieving authentication from client 
x<?xml version="1.0" encoding="UTF-8" standalone="no"?><message type="auth-request"><authentication password="1" username="a1"/></message>
20110313 16:03:12.874 28 massim.framework.connection.UsernamePasswordSocketLoginManager.getAuthentication:75  got authentication: a1:1:127.0.0.1
20110313 16:03:12.877 27 massim.framework.connection.XMLSocketSimulationAgent.socketThreadSend:636  Thread interrupted.
20110313 16:03:12.877 27 massim.framework.connection.XMLSocketSimulationAgent.socketThreadSend:651  Thread finished successfully.
20110313 16:04:15.414 10 massim.framework.connection.InetSocketListener.waitForIncomingSocket:33  got a connection
20110313 16:04:15.416 10 massim.framework.connection.InetSocketListener.waitForIncomingSocket:28
20110313 16:04:15.416 10 massim.framework.connection.InetSocketListener.waitForIncomingSocket:31  waiting for connection...
20110313 16:04:15.418 31 massim.framework.connection.AbstractSocketLoginManager.handleSocket:33
20110313 16:04:15.419 31 massim.framework.connection.UsernamePasswordSocketLoginManager.getAuthentication:40  retrieving authentication from client 
20110313 16:04:47.906 10 massim.framework.connection.InetSocketListener.waitForIncomingSocket:33  got a connection
20110313 16:04:47.915 10 massim.framework.connection.InetSocketListener.waitForIncomingSocket:28
20110313 16:04:47.916 10 massim.framework.connection.InetSocketListener.waitForIncomingSocket:31  waiting for connection...
20110313 16:04:47.917 32 massim.framework.connection.AbstractSocketLoginManager.handleSocket:33
20110313 16:04:47.917 32 massim.framework.connection.UsernamePasswordSocketLoginManager.getAuthentication:40  retrieving authentication from client 
x<?xml version="1.0" encoding="UTF-8" standalone="no"?><message type="auth-request"><authentication password="1" username="a1"/></message>
20110313 16:04:49.913 32 massim.framework.connection.UsernamePasswordSocketLoginManager.getAuthentication:75  got authentication: a1:1:127.0.0.1
20110313 16:04:49.923 30 massim.framework.connection.XMLSocketSimulationAgent.socketThreadSend:636  Thread interrupted.
20110313 16:04:49.924 30 massim.framework.connection.XMLSocketSimulationAgent.socketThreadSend:651  Thread finished successfully.
