20110313 16:50:04.450 1 massim.server.Server.config:151  Server launched
20110313 16:50:04.485 1 massim.framework.connection.InetSocketListener.<init>:16  InetSocketListener created. Set to port 12300 with backlog 10
node:[match: null]
20110313 16:50:04.512 1 massim.server.Server.createRMI:693  Create rmiregistry on port  1099
20110313 16:50:04.515 10 massim.framework.connection.InetSocketListener.waitForIncomingSocket:28
20110313 16:50:04.515 10 massim.framework.connection.InetSocketListener.waitForIncomingSocket:31  waiting for connection...
20110313 16:50:16.282 10 massim.framework.connection.InetSocketListener.waitForIncomingSocket:33  got a connection
20110313 16:50:16.283 10 massim.framework.connection.InetSocketListener.waitForIncomingSocket:28
20110313 16:50:16.283 19 massim.framework.connection.AbstractSocketLoginManager.handleSocket:33
20110313 16:50:16.283 10 massim.framework.connection.InetSocketListener.waitForIncomingSocket:31  waiting for connection...
20110313 16:50:16.283 19 massim.framework.connection.UsernamePasswordSocketLoginManager.getAuthentication:40  retrieving authentication from client 
x<?xml version="1.0" encoding="UTF-8" standalone="no"?><message type="auth-request"><authentication password="1" username="a1"/></message>
20110313 16:50:18.289 19 massim.framework.connection.UsernamePasswordSocketLoginManager.getAuthentication:75  got authentication: a1:1:127.0.0.1
20110313 16:50:59.750 1 massim.server.Server.run:521  now playing: A vs B
20110313 16:50:59.759 1 massim.server.ServerSimulationRun2.<init>:127  ######################### new simulation run ----
20110313 16:50:59.848 1 massim.framework.DefaultObserver.start:18
20110313 16:50:59.848 1 massim.framework.DefaultObserver.start:18
20110313 16:50:59.849 1 massim.framework.ObjectDumperObserver.start:68
20110313 16:50:59.849 1 massim.framework.rmi.XMLDocumentObserver.start:111  creating...
20110313 16:50:59.852 1 massim.framework.rmi.XMLDocumentObserver.start:113  binding...
20110313 16:50:59.864 1 massim.framework.rmi.XMLDocumentObserver.start:116  bound
20110313 16:50:59.864 1 massim.framework.DefaultObserver.notifySimulationConfiguration:30
20110313 16:50:59.865 1 massim.framework.DefaultObserver.notifySimulationConfiguration:30
20110313 16:50:59.865 1 massim.framework.ObjectDumperObserver.notifySimulationStart:50
20110313 16:50:59.918 1 massim.framework.ObjectDumperObserver.notifySimulationState:57
20110313 16:51:02.478 22 massim.framework.connection.XMLSocketSimulationAgent.getAction:430  No valid document received in time. Returning InvalidAction.
20110313 16:51:02.478 23 massim.framework.connection.XMLSocketSimulationAgent.getAction:430  No valid document received in time. Returning InvalidAction.
20110313 16:51:02.481 24 massim.framework.connection.XMLSocketSimulationAgent.getAction:430  No valid document received in time. Returning InvalidAction.
20110313 16:51:02.483 25 massim.framework.connection.XMLSocketSimulationAgent.getAction:430  No valid document received in time. Returning InvalidAction.
20110313 16:51:02.485 27 massim.framework.connection.XMLSocketSimulationAgent.getAction:430  No valid document received in time. Returning InvalidAction.
20110313 16:51:02.486 29 massim.framework.connection.XMLSocketSimulationAgent.getAction:430  No valid document received in time. Returning InvalidAction.
20110313 16:51:02.488 28 massim.framework.connection.XMLSocketSimulationAgent.getAction:430  No valid document received in time. Returning InvalidAction.
20110313 16:51:02.497 26 massim.framework.connection.XMLSocketSimulationAgent.getAction:430  No valid document received in time. Returning InvalidAction.
20110313 16:51:02.497 33 massim.framework.connection.XMLSocketSimulationAgent.getAction:430  No valid document received in time. Returning InvalidAction.
20110313 16:51:02.499 32 massim.framework.connection.XMLSocketSimulationAgent.getAction:430  No valid document received in time. Returning InvalidAction.
20110313 16:51:02.499 30 massim.framework.connection.XMLSocketSimulationAgent.getAction:430  No valid document received in time. Returning InvalidAction.
20110313 16:51:02.501 34 massim.framework.connection.XMLSocketSimulationAgent.getAction:430  No valid document received in time. Returning InvalidAction.
20110313 16:51:02.502 31 massim.framework.connection.XMLSocketSimulationAgent.getAction:430  No valid document received in time. Returning InvalidAction.
20110313 16:51:02.502 35 massim.framework.connection.XMLSocketSimulationAgent.getAction:430  No valid document received in time. Returning InvalidAction.
20110313 16:51:02.504 36 massim.framework.connection.XMLSocketSimulationAgent.getAction:430  No valid document received in time. Returning InvalidAction.
20110313 16:51:02.507 37 massim.framework.connection.XMLSocketSimulationAgent.getAction:430  No valid document received in time. Returning InvalidAction.
20110313 16:51:02.512 38 massim.framework.connection.XMLSocketSimulationAgent.getAction:430  No valid document received in time. Returning InvalidAction.
20110313 16:51:02.516 40 massim.framework.connection.XMLSocketSimulationAgent.getAction:430  No valid document received in time. Returning InvalidAction.
20110313 16:51:02.518 41 massim.framework.connection.XMLSocketSimulationAgent.getAction:430  No valid document received in time. Returning InvalidAction.
20110313 16:51:02.519 39 massim.framework.connection.XMLSocketSimulationAgent.getAction:430  No valid document received in time. Returning InvalidAction.
20110313 16:51:02.523 1 massim.competition2011.GraphSimulation.postSimulationStep:85  Simulation at step: 1
20110313 16:51:02.524 1 massim.framework.ObjectDumperObserver.notifySimulationState:57
20110313 16:51:05.036 42 massim.framework.connection.XMLSocketSimulationAgent.getAction:430  No valid document received in time. Returning InvalidAction.
20110313 16:51:05.038 43 massim.framework.connection.XMLSocketSimulationAgent.getAction:430  No valid document received in time. Returning InvalidAction.
20110313 16:51:05.042 44 massim.framework.connection.XMLSocketSimulationAgent.getAction:430  No valid document received in time. Returning InvalidAction.
20110313 16:51:05.044 45 massim.framework.connection.XMLSocketSimulationAgent.getAction:430  No valid document received in time. Returning InvalidAction.
20110313 16:51:05.047 46 massim.framework.connection.XMLSocketSimulationAgent.getAction:430  No valid document received in time. Returning InvalidAction.
20110313 16:51:05.051 47 massim.framework.connection.XMLSocketSimulationAgent.getAction:430  No valid document received in time. Returning InvalidAction.
20110313 16:51:05.054 48 massim.framework.connection.XMLSocketSimulationAgent.getAction:430  No valid document received in time. Returning InvalidAction.
20110313 16:51:05.057 50 massim.framework.connection.XMLSocketSimulationAgent.getAction:430  No valid document received in time. Returning InvalidAction.
20110313 16:51:05.057 49 massim.framework.connection.XMLSocketSimulationAgent.getAction:430  No valid document received in time. Returning InvalidAction.
20110313 16:51:05.059 51 massim.framework.connection.XMLSocketSimulationAgent.getAction:430  No valid document received in time. Returning InvalidAction.
20110313 16:51:05.060 52 massim.framework.connection.XMLSocketSimulationAgent.getAction:430  No valid document received in time. Returning InvalidAction.
20110313 16:51:05.062 54 massim.framework.connection.XMLSocketSimulationAgent.getAction:430  No valid document received in time. Returning InvalidAction.
20110313 16:51:05.062 53 massim.framework.connection.XMLSocketSimulationAgent.getAction:430  No valid document received in time. Returning InvalidAction.
20110313 16:51:05.065 55 massim.framework.connection.XMLSocketSimulationAgent.getAction:430  No valid document received in time. Returning InvalidAction.
20110313 16:51:05.066 56 massim.framework.connection.XMLSocketSimulationAgent.getAction:430  No valid document received in time. Returning InvalidAction.
20110313 16:51:05.069 57 massim.framework.connection.XMLSocketSimulationAgent.getAction:430  No valid document received in time. Returning InvalidAction.
20110313 16:51:05.069 58 massim.framework.connection.XMLSocketSimulationAgent.getAction:430  No valid document received in time. Returning InvalidAction.
20110313 16:51:05.070 60 massim.framework.connection.XMLSocketSimulationAgent.getAction:430  No valid document received in time. Returning InvalidAction.
20110313 16:51:05.071 59 massim.framework.connection.XMLSocketSimulationAgent.getAction:430  No valid document received in time. Returning InvalidAction.
20110313 16:51:05.072 61 massim.framework.connection.XMLSocketSimulationAgent.getAction:430  No valid document received in time. Returning InvalidAction.
20110313 16:51:05.073 1 massim.competition2011.GraphSimulation.postSimulationStep:85  Simulation at step: 2
20110313 16:51:05.073 1 massim.framework.ObjectDumperObserver.notifySimulationState:57
20110313 16:51:07.585 62 massim.framework.connection.XMLSocketSimulationAgent.getAction:430  No valid document received in time. Returning InvalidAction.
20110313 16:51:07.589 63 massim.framework.connection.XMLSocketSimulationAgent.getAction:430  No valid document received in time. Returning InvalidAction.
20110313 16:51:07.592 64 massim.framework.connection.XMLSocketSimulationAgent.getAction:430  No valid document received in time. Returning InvalidAction.
20110313 16:51:07.593 65 massim.framework.connection.XMLSocketSimulationAgent.getAction:430  No valid document received in time. Returning InvalidAction.
20110313 16:51:07.596 66 massim.framework.connection.XMLSocketSimulationAgent.getAction:430  No valid document received in time. Returning InvalidAction.
20110313 16:51:07.598 67 massim.framework.connection.XMLSocketSimulationAgent.getAction:430  No valid document received in time. Returning InvalidAction.
20110313 16:51:07.601 68 massim.framework.connection.XMLSocketSimulationAgent.getAction:430  No valid document received in time. Returning InvalidAction.
20110313 16:51:07.604 69 massim.framework.connection.XMLSocketSimulationAgent.getAction:430  No valid document received in time. Returning InvalidAction.
20110313 16:51:07.607 70 massim.framework.connection.XMLSocketSimulationAgent.getAction:430  No valid document received in time. Returning InvalidAction.
20110313 16:51:07.608 71 massim.framework.connection.XMLSocketSimulationAgent.getAction:430  No valid document received in time. Returning InvalidAction.
20110313 16:51:07.611 72 massim.framework.connection.XMLSocketSimulationAgent.getAction:430  No valid document received in time. Returning InvalidAction.
20110313 16:51:07.612 79 massim.framework.connection.XMLSocketSimulationAgent.getAction:430  No valid document received in time. Returning InvalidAction.
20110313 16:51:07.612 73 massim.framework.connection.XMLSocketSimulationAgent.getAction:430  No valid document received in time. Returning InvalidAction.
20110313 16:51:07.612 78 massim.framework.connection.XMLSocketSimulationAgent.getAction:430  No valid document received in time. Returning InvalidAction.
20110313 16:51:07.612 74 massim.framework.connection.XMLSocketSimulationAgent.getAction:430  No valid document received in time. Returning InvalidAction.
20110313 16:51:07.612 77 massim.framework.connection.XMLSocketSimulationAgent.getAction:430  No valid document received in time. Returning InvalidAction.
20110313 16:51:07.613 80 massim.framework.connection.XMLSocketSimulationAgent.getAction:430  No valid document received in time. Returning InvalidAction.
20110313 16:51:07.613 76 massim.framework.connection.XMLSocketSimulationAgent.getAction:430  No valid document received in time. Returning InvalidAction.
20110313 16:51:07.613 75 massim.framework.connection.XMLSocketSimulationAgent.getAction:430  No valid document received in time. Returning InvalidAction.
20110313 16:51:07.624 81 massim.framework.connection.XMLSocketSimulationAgent.getAction:430  No valid document received in time. Returning InvalidAction.
20110313 16:51:07.625 1 massim.competition2011.GraphSimulation.postSimulationStep:85  Simulation at step: 3
20110313 16:51:07.625 1 massim.framework.ObjectDumperObserver.notifySimulationState:57
20110313 16:51:10.131 83 massim.framework.connection.XMLSocketSimulationAgent.getAction:430  No valid document received in time. Returning InvalidAction.
20110313 16:51:10.131 82 massim.framework.connection.XMLSocketSimulationAgent.getAction:430  No valid document received in time. Returning InvalidAction.
20110313 16:51:10.133 84 massim.framework.connection.XMLSocketSimulationAgent.getAction:430  No valid document received in time. Returning InvalidAction.
20110313 16:51:10.134 85 massim.framework.connection.XMLSocketSimulationAgent.getAction:430  No valid document received in time. Returning InvalidAction.
20110313 16:51:10.135 86 massim.framework.connection.XMLSocketSimulationAgent.getAction:430  No valid document received in time. Returning InvalidAction.
20110313 16:51:10.136 87 massim.framework.connection.XMLSocketSimulationAgent.getAction:430  No valid document received in time. Returning InvalidAction.
20110313 16:51:10.138 88 massim.framework.connection.XMLSocketSimulationAgent.getAction:430  No valid document received in time. Returning InvalidAction.
20110313 16:51:10.138 89 massim.framework.connection.XMLSocketSimulationAgent.getAction:430  No valid document received in time. Returning InvalidAction.
20110313 16:51:10.139 90 massim.framework.connection.XMLSocketSimulationAgent.getAction:430  No valid document received in time. Returning InvalidAction.
20110313 16:51:10.140 91 massim.framework.connection.XMLSocketSimulationAgent.getAction:430  No valid document received in time. Returning InvalidAction.
20110313 16:51:10.152 92 massim.framework.connection.XMLSocketSimulationAgent.getAction:430  No valid document received in time. Returning InvalidAction.
20110313 16:51:10.153 93 massim.framework.connection.XMLSocketSimulationAgent.getAction:430  No valid document received in time. Returning InvalidAction.
20110313 16:51:10.154 94 massim.framework.connection.XMLSocketSimulationAgent.getAction:430  No valid document received in time. Returning InvalidAction.
20110313 16:51:10.155 96 massim.framework.connection.XMLSocketSimulationAgent.getAction:430  No valid document received in time. Returning InvalidAction.
20110313 16:51:10.155 95 massim.framework.connection.XMLSocketSimulationAgent.getAction:430  No valid document received in time. Returning InvalidAction.
20110313 16:51:10.157 97 massim.framework.connection.XMLSocketSimulationAgent.getAction:430  No valid document received in time. Returning InvalidAction.
20110313 16:51:10.157 98 massim.framework.connection.XMLSocketSimulationAgent.getAction:430  No valid document received in time. Returning InvalidAction.
20110313 16:51:10.158 99 massim.framework.connection.XMLSocketSimulationAgent.getAction:430  No valid document received in time. Returning InvalidAction.
20110313 16:51:10.159 100 massim.framework.connection.XMLSocketSimulationAgent.getAction:430  No valid document received in time. Returning InvalidAction.
20110313 16:51:10.160 101 massim.framework.connection.XMLSocketSimulationAgent.getAction:430  No valid document received in time. Returning InvalidAction.
20110313 16:51:10.161 1 massim.competition2011.GraphSimulation.postSimulationStep:85  Simulation at step: 4
20110313 16:51:10.161 1 massim.framework.ObjectDumperObserver.notifySimulationState:57
20110313 16:51:12.667 102 massim.framework.connection.XMLSocketSimulationAgent.getAction:430  No valid document received in time. Returning InvalidAction.
20110313 16:51:12.668 104 massim.framework.connection.XMLSocketSimulationAgent.getAction:430  No valid document received in time. Returning InvalidAction.
20110313 16:51:12.669 105 massim.framework.connection.XMLSocketSimulationAgent.getAction:430  No valid document received in time. Returning InvalidAction.
20110313 16:51:12.670 106 massim.framework.connection.XMLSocketSimulationAgent.getAction:430  No valid document received in time. Returning InvalidAction.
20110313 16:51:12.670 103 massim.framework.connection.XMLSocketSimulationAgent.getAction:430  No valid document received in time. Returning InvalidAction.
20110313 16:51:12.672 107 massim.framework.connection.XMLSocketSimulationAgent.getAction:430  No valid document received in time. Returning InvalidAction.
20110313 16:51:12.674 108 massim.framework.connection.XMLSocketSimulationAgent.getAction:430  No valid document received in time. Returning InvalidAction.
20110313 16:51:12.675 109 massim.framework.connection.XMLSocketSimulationAgent.getAction:430  No valid document received in time. Returning InvalidAction.
20110313 16:51:12.676 110 massim.framework.connection.XMLSocketSimulationAgent.getAction:430  No valid document received in time. Returning InvalidAction.
20110313 16:51:12.677 111 massim.framework.connection.XMLSocketSimulationAgent.getAction:430  No valid document received in time. Returning InvalidAction.
20110313 16:51:12.678 112 massim.framework.connection.XMLSocketSimulationAgent.getAction:430  No valid document received in time. Returning InvalidAction.
20110313 16:51:12.679 113 massim.framework.connection.XMLSocketSimulationAgent.getAction:430  No valid document received in time. Returning InvalidAction.
20110313 16:51:12.680 114 massim.framework.connection.XMLSocketSimulationAgent.getAction:430  No valid document received in time. Returning InvalidAction.
20110313 16:51:12.681 116 massim.framework.connection.XMLSocketSimulationAgent.getAction:430  No valid document received in time. Returning InvalidAction.
20110313 16:51:12.681 115 massim.framework.connection.XMLSocketSimulationAgent.getAction:430  No valid document received in time. Returning InvalidAction.
20110313 16:51:12.682 118 massim.framework.connection.XMLSocketSimulationAgent.getAction:430  No valid document received in time. Returning InvalidAction.
20110313 16:51:12.682 117 massim.framework.connection.XMLSocketSimulationAgent.getAction:430  No valid document received in time. Returning InvalidAction.
20110313 16:51:12.683 119 massim.framework.connection.XMLSocketSimulationAgent.getAction:430  No valid document received in time. Returning InvalidAction.
20110313 16:51:12.683 120 massim.framework.connection.XMLSocketSimulationAgent.getAction:430  No valid document received in time. Returning InvalidAction.
20110313 16:51:12.684 121 massim.framework.connection.XMLSocketSimulationAgent.getAction:430  No valid document received in time. Returning InvalidAction.
20110313 16:51:12.685 1 massim.competition2011.GraphSimulation.postSimulationStep:85  Simulation at step: 5
20110313 16:51:12.685 1 massim.framework.ObjectDumperObserver.notifySimulationState:57
20110313 16:51:15.198 122 massim.framework.connection.XMLSocketSimulationAgent.getAction:430  No valid document received in time. Returning InvalidAction.
20110313 16:51:15.199 123 massim.framework.connection.XMLSocketSimulationAgent.getAction:430  No valid document received in time. Returning InvalidAction.
20110313 16:51:15.201 125 massim.framework.connection.XMLSocketSimulationAgent.getAction:430  No valid document received in time. Returning InvalidAction.
20110313 16:51:15.201 124 massim.framework.connection.XMLSocketSimulationAgent.getAction:430  No valid document received in time. Returning InvalidAction.
20110313 16:51:15.203 126 massim.framework.connection.XMLSocketSimulationAgent.getAction:430  No valid document received in time. Returning InvalidAction.
20110313 16:51:15.204 127 massim.framework.connection.XMLSocketSimulationAgent.getAction:430  No valid document received in time. Returning InvalidAction.
20110313 16:51:15.205 128 massim.framework.connection.XMLSocketSimulationAgent.getAction:430  No valid document received in time. Returning InvalidAction.
20110313 16:51:15.206 129 massim.framework.connection.XMLSocketSimulationAgent.getAction:430  No valid document received in time. Returning InvalidAction.
20110313 16:51:15.207 130 massim.framework.connection.XMLSocketSimulationAgent.getAction:430  No valid document received in time. Returning InvalidAction.
20110313 16:51:15.208 131 massim.framework.connection.XMLSocketSimulationAgent.getAction:430  No valid document received in time. Returning InvalidAction.
20110313 16:51:15.209 132 massim.framework.connection.XMLSocketSimulationAgent.getAction:430  No valid document received in time. Returning InvalidAction.
20110313 16:51:15.211 133 massim.framework.connection.XMLSocketSimulationAgent.getAction:430  No valid document received in time. Returning InvalidAction.
20110313 16:51:15.220 134 massim.framework.connection.XMLSocketSimulationAgent.getAction:430  No valid document received in time. Returning InvalidAction.
20110313 16:51:15.221 135 massim.framework.connection.XMLSocketSimulationAgent.getAction:430  No valid document received in time. Returning InvalidAction.
20110313 16:51:15.222 137 massim.framework.connection.XMLSocketSimulationAgent.getAction:430  No valid document received in time. Returning InvalidAction.
20110313 16:51:15.222 136 massim.framework.connection.XMLSocketSimulationAgent.getAction:430  No valid document received in time. Returning InvalidAction.
20110313 16:51:15.223 138 massim.framework.connection.XMLSocketSimulationAgent.getAction:430  No valid document received in time. Returning InvalidAction.
20110313 16:51:15.224 139 massim.framework.connection.XMLSocketSimulationAgent.getAction:430  No valid document received in time. Returning InvalidAction.
20110313 16:51:15.224 140 massim.framework.connection.XMLSocketSimulationAgent.getAction:430  No valid document received in time. Returning InvalidAction.
20110313 16:51:15.225 141 massim.framework.connection.XMLSocketSimulationAgent.getAction:430  No valid document received in time. Returning InvalidAction.
20110313 16:51:15.226 1 massim.competition2011.GraphSimulation.postSimulationStep:85  Simulation at step: 6
20110313 16:51:15.226 1 massim.framework.ObjectDumperObserver.notifySimulationState:57
20110313 16:51:17.731 142 massim.framework.connection.XMLSocketSimulationAgent.getAction:430  No valid document received in time. Returning InvalidAction.
20110313 16:51:17.733 143 massim.framework.connection.XMLSocketSimulationAgent.getAction:430  No valid document received in time. Returning InvalidAction.
20110313 16:51:17.734 144 massim.framework.connection.XMLSocketSimulationAgent.getAction:430  No valid document received in time. Returning InvalidAction.
20110313 16:51:17.735 145 massim.framework.connection.XMLSocketSimulationAgent.getAction:430  No valid document received in time. Returning InvalidAction.
20110313 16:51:17.737 146 massim.framework.connection.XMLSocketSimulationAgent.getAction:430  No valid document received in time. Returning InvalidAction.
20110313 16:51:17.738 147 massim.framework.connection.XMLSocketSimulationAgent.getAction:430  No valid document received in time. Returning InvalidAction.
20110313 16:51:17.752 148 massim.framework.connection.XMLSocketSimulationAgent.getAction:430  No valid document received in time. Returning InvalidAction.
20110313 16:51:17.753 149 massim.framework.connection.XMLSocketSimulationAgent.getAction:430  No valid document received in time. Returning InvalidAction.
20110313 16:51:17.762 150 massim.framework.connection.XMLSocketSimulationAgent.getAction:430  No valid document received in time. Returning InvalidAction.
20110313 16:51:17.763 152 massim.framework.connection.XMLSocketSimulationAgent.getAction:430  No valid document received in time. Returning InvalidAction.
20110313 16:51:17.763 151 massim.framework.connection.XMLSocketSimulationAgent.getAction:430  No valid document received in time. Returning InvalidAction.
20110313 16:51:17.764 153 massim.framework.connection.XMLSocketSimulationAgent.getAction:430  No valid document received in time. Returning InvalidAction.
20110313 16:51:17.764 154 massim.framework.connection.XMLSocketSimulationAgent.getAction:430  No valid document received in time. Returning InvalidAction.
20110313 16:51:17.765 155 massim.framework.connection.XMLSocketSimulationAgent.getAction:430  No valid document received in time. Returning InvalidAction.
20110313 16:51:17.766 157 massim.framework.connection.XMLSocketSimulationAgent.getAction:430  No valid document received in time. Returning InvalidAction.
20110313 16:51:17.766 156 massim.framework.connection.XMLSocketSimulationAgent.getAction:430  No valid document received in time. Returning InvalidAction.
20110313 16:51:17.767 159 massim.framework.connection.XMLSocketSimulationAgent.getAction:430  No valid document received in time. Returning InvalidAction.
20110313 16:51:17.767 158 massim.framework.connection.XMLSocketSimulationAgent.getAction:430  No valid document received in time. Returning InvalidAction.
20110313 16:51:17.768 161 massim.framework.connection.XMLSocketSimulationAgent.getAction:430  No valid document received in time. Returning InvalidAction.
20110313 16:51:17.768 160 massim.framework.connection.XMLSocketSimulationAgent.getAction:430  No valid document received in time. Returning InvalidAction.
20110313 16:51:17.769 1 massim.competition2011.GraphSimulation.postSimulationStep:85  Simulation at step: 7
20110313 16:51:17.769 1 massim.framework.ObjectDumperObserver.notifySimulationState:57
20110313 16:51:20.274 162 massim.framework.connection.XMLSocketSimulationAgent.getAction:430  No valid document received in time. Returning InvalidAction.
20110313 16:51:20.275 163 massim.framework.connection.XMLSocketSimulationAgent.getAction:430  No valid document received in time. Returning InvalidAction.
20110313 16:51:20.276 164 massim.framework.connection.XMLSocketSimulationAgent.getAction:430  No valid document received in time. Returning InvalidAction.
20110313 16:51:20.277 165 massim.framework.connection.XMLSocketSimulationAgent.getAction:430  No valid document received in time. Returning InvalidAction.
20110313 16:51:20.278 167 massim.framework.connection.XMLSocketSimulationAgent.getAction:430  No valid document received in time. Returning InvalidAction.
20110313 16:51:20.278 166 massim.framework.connection.XMLSocketSimulationAgent.getAction:430  No valid document received in time. Returning InvalidAction.
20110313 16:51:20.291 168 massim.framework.connection.XMLSocketSimulationAgent.getAction:430  No valid document received in time. Returning InvalidAction.
20110313 16:51:20.294 169 massim.framework.connection.XMLSocketSimulationAgent.getAction:430  No valid document received in time. Returning InvalidAction.
20110313 16:51:20.299 170 massim.framework.connection.XMLSocketSimulationAgent.getAction:430  No valid document received in time. Returning InvalidAction.
20110313 16:51:20.303 171 massim.framework.connection.XMLSocketSimulationAgent.getAction:430  No valid document received in time. Returning InvalidAction.
20110313 16:51:20.304 172 massim.framework.connection.XMLSocketSimulationAgent.getAction:430  No valid document received in time. Returning InvalidAction.
20110313 16:51:20.305 173 massim.framework.connection.XMLSocketSimulationAgent.getAction:430  No valid document received in time. Returning InvalidAction.
20110313 16:51:20.307 174 massim.framework.connection.XMLSocketSimulationAgent.getAction:430  No valid document received in time. Returning InvalidAction.
20110313 16:51:20.313 175 massim.framework.connection.XMLSocketSimulationAgent.getAction:430  No valid document received in time. Returning InvalidAction.
20110313 16:51:20.317 176 massim.framework.connection.XMLSocketSimulationAgent.getAction:430  No valid document received in time. Returning InvalidAction.
20110313 16:51:20.318 177 massim.framework.connection.XMLSocketSimulationAgent.getAction:430  No valid document received in time. Returning InvalidAction.
20110313 16:51:20.319 178 massim.framework.connection.XMLSocketSimulationAgent.getAction:430  No valid document received in time. Returning InvalidAction.
20110313 16:51:20.321 179 massim.framework.connection.XMLSocketSimulationAgent.getAction:430  No valid document received in time. Returning InvalidAction.
20110313 16:51:20.324 180 massim.framework.connection.XMLSocketSimulationAgent.getAction:430  No valid document received in time. Returning InvalidAction.
20110313 16:51:20.325 181 massim.framework.connection.XMLSocketSimulationAgent.getAction:430  No valid document received in time. Returning InvalidAction.
20110313 16:51:20.326 1 massim.competition2011.GraphSimulation.postSimulationStep:85  Simulation at step: 8
20110313 16:51:20.326 1 massim.framework.ObjectDumperObserver.notifySimulationState:57
20110313 16:51:22.831 182 massim.framework.connection.XMLSocketSimulationAgent.getAction:430  No valid document received in time. Returning InvalidAction.
20110313 16:51:22.840 183 massim.framework.connection.XMLSocketSimulationAgent.getAction:430  No valid document received in time. Returning InvalidAction.
20110313 16:51:22.842 184 massim.framework.connection.XMLSocketSimulationAgent.getAction:430  No valid document received in time. Returning InvalidAction.
20110313 16:51:22.843 185 massim.framework.connection.XMLSocketSimulationAgent.getAction:430  No valid document received in time. Returning InvalidAction.
20110313 16:51:22.844 186 massim.framework.connection.XMLSocketSimulationAgent.getAction:430  No valid document received in time. Returning InvalidAction.
20110313 16:51:22.845 187 massim.framework.connection.XMLSocketSimulationAgent.getAction:430  No valid document received in time. Returning InvalidAction.
20110313 16:51:22.846 188 massim.framework.connection.XMLSocketSimulationAgent.getAction:430  No valid document received in time. Returning InvalidAction.
20110313 16:51:22.847 189 massim.framework.connection.XMLSocketSimulationAgent.getAction:430  No valid document received in time. Returning InvalidAction.
20110313 16:51:22.848 190 massim.framework.connection.XMLSocketSimulationAgent.getAction:430  No valid document received in time. Returning InvalidAction.
20110313 16:51:22.850 191 massim.framework.connection.XMLSocketSimulationAgent.getAction:430  No valid document received in time. Returning InvalidAction.
20110313 16:51:22.850 192 massim.framework.connection.XMLSocketSimulationAgent.getAction:430  No valid document received in time. Returning InvalidAction.
20110313 16:51:22.851 193 massim.framework.connection.XMLSocketSimulationAgent.getAction:430  No valid document received in time. Returning InvalidAction.
20110313 16:51:22.851 194 massim.framework.connection.XMLSocketSimulationAgent.getAction:430  No valid document received in time. Returning InvalidAction.
20110313 16:51:22.852 195 massim.framework.connection.XMLSocketSimulationAgent.getAction:430  No valid document received in time. Returning InvalidAction.
20110313 16:51:22.853 197 massim.framework.connection.XMLSocketSimulationAgent.getAction:430  No valid document received in time. Returning InvalidAction.
20110313 16:51:22.853 196 massim.framework.connection.XMLSocketSimulationAgent.getAction:430  No valid document received in time. Returning InvalidAction.
20110313 16:51:22.854 198 massim.framework.connection.XMLSocketSimulationAgent.getAction:430  No valid document received in time. Returning InvalidAction.
20110313 16:51:22.854 199 massim.framework.connection.XMLSocketSimulationAgent.getAction:430  No valid document received in time. Returning InvalidAction.
20110313 16:51:22.855 200 massim.framework.connection.XMLSocketSimulationAgent.getAction:430  No valid document received in time. Returning InvalidAction.
20110313 16:51:22.856 201 massim.framework.connection.XMLSocketSimulationAgent.getAction:430  No valid document received in time. Returning InvalidAction.
20110313 16:51:22.857 1 massim.competition2011.GraphSimulation.postSimulationStep:85  Simulation at step: 9
20110313 16:51:22.857 1 massim.framework.ObjectDumperObserver.notifySimulationState:57
20110313 16:51:25.362 202 massim.framework.connection.XMLSocketSimulationAgent.getAction:430  No valid document received in time. Returning InvalidAction.
20110313 16:51:25.365 203 massim.framework.connection.XMLSocketSimulationAgent.getAction:430  No valid document received in time. Returning InvalidAction.
20110313 16:51:25.366 204 massim.framework.connection.XMLSocketSimulationAgent.getAction:430  No valid document received in time. Returning InvalidAction.
20110313 16:51:25.367 205 massim.framework.connection.XMLSocketSimulationAgent.getAction:430  No valid document received in time. Returning InvalidAction.
20110313 16:51:25.368 206 massim.framework.connection.XMLSocketSimulationAgent.getAction:430  No valid document received in time. Returning InvalidAction.
20110313 16:51:25.369 207 massim.framework.connection.XMLSocketSimulationAgent.getAction:430  No valid document received in time. Returning InvalidAction.
20110313 16:51:25.370 208 massim.framework.connection.XMLSocketSimulationAgent.getAction:430  No valid document received in time. Returning InvalidAction.
20110313 16:51:25.371 209 massim.framework.connection.XMLSocketSimulationAgent.getAction:430  No valid document received in time. Returning InvalidAction.
20110313 16:51:25.372 210 massim.framework.connection.XMLSocketSimulationAgent.getAction:430  No valid document received in time. Returning InvalidAction.
20110313 16:51:25.373 211 massim.framework.connection.XMLSocketSimulationAgent.getAction:430  No valid document received in time. Returning InvalidAction.
20110313 16:51:25.374 212 massim.framework.connection.XMLSocketSimulationAgent.getAction:430  No valid document received in time. Returning InvalidAction.
20110313 16:51:25.385 213 massim.framework.connection.XMLSocketSimulationAgent.getAction:430  No valid document received in time. Returning InvalidAction.
20110313 16:51:25.392 214 massim.framework.connection.XMLSocketSimulationAgent.getAction:430  No valid document received in time. Returning InvalidAction.
20110313 16:51:25.399 215 massim.framework.connection.XMLSocketSimulationAgent.getAction:430  No valid document received in time. Returning InvalidAction.
20110313 16:51:25.406 216 massim.framework.connection.XMLSocketSimulationAgent.getAction:430  No valid document received in time. Returning InvalidAction.
20110313 16:51:25.412 217 massim.framework.connection.XMLSocketSimulationAgent.getAction:430  No valid document received in time. Returning InvalidAction.
20110313 16:51:25.421 218 massim.framework.connection.XMLSocketSimulationAgent.getAction:430  No valid document received in time. Returning InvalidAction.
20110313 16:51:25.425 219 massim.framework.connection.XMLSocketSimulationAgent.getAction:430  No valid document received in time. Returning InvalidAction.
20110313 16:51:25.432 220 massim.framework.connection.XMLSocketSimulationAgent.getAction:430  No valid document received in time. Returning InvalidAction.
20110313 16:51:25.440 221 massim.framework.connection.XMLSocketSimulationAgent.getAction:430  No valid document received in time. Returning InvalidAction.
20110313 16:51:25.440 1 massim.competition2011.GraphSimulation.postSimulationStep:85  Simulation at step: 10
20110313 16:51:25.441 1 massim.framework.ObjectDumperObserver.notifySimulationState:57
20110313 16:51:27.945 222 massim.framework.connection.XMLSocketSimulationAgent.getAction:430  No valid document received in time. Returning InvalidAction.
20110313 16:51:27.946 223 massim.framework.connection.XMLSocketSimulationAgent.getAction:430  No valid document received in time. Returning InvalidAction.
20110313 16:51:27.947 224 massim.framework.connection.XMLSocketSimulationAgent.getAction:430  No valid document received in time. Returning InvalidAction.
20110313 16:51:27.947 225 massim.framework.connection.XMLSocketSimulationAgent.getAction:430  No valid document received in time. Returning InvalidAction.
20110313 16:51:27.948 226 massim.framework.connection.XMLSocketSimulationAgent.getAction:430  No valid document received in time. Returning InvalidAction.
20110313 16:51:27.949 227 massim.framework.connection.XMLSocketSimulationAgent.getAction:430  No valid document received in time. Returning InvalidAction.
20110313 16:51:27.950 228 massim.framework.connection.XMLSocketSimulationAgent.getAction:430  No valid document received in time. Returning InvalidAction.
20110313 16:51:27.951 229 massim.framework.connection.XMLSocketSimulationAgent.getAction:430  No valid document received in time. Returning InvalidAction.
20110313 16:51:27.952 230 massim.framework.connection.XMLSocketSimulationAgent.getAction:430  No valid document received in time. Returning InvalidAction.
20110313 16:51:27.953 231 massim.framework.connection.XMLSocketSimulationAgent.getAction:430  No valid document received in time. Returning InvalidAction.
20110313 16:51:27.953 233 massim.framework.connection.XMLSocketSimulationAgent.getAction:430  No valid document received in time. Returning InvalidAction.
20110313 16:51:27.953 232 massim.framework.connection.XMLSocketSimulationAgent.getAction:430  No valid document received in time. Returning InvalidAction.
20110313 16:51:27.954 235 massim.framework.connection.XMLSocketSimulationAgent.getAction:430  No valid document received in time. Returning InvalidAction.
20110313 16:51:27.954 234 massim.framework.connection.XMLSocketSimulationAgent.getAction:430  No valid document received in time. Returning InvalidAction.
20110313 16:51:27.955 236 massim.framework.connection.XMLSocketSimulationAgent.getAction:430  No valid document received in time. Returning InvalidAction.
20110313 16:51:27.956 238 massim.framework.connection.XMLSocketSimulationAgent.getAction:430  No valid document received in time. Returning InvalidAction.
20110313 16:51:27.956 237 massim.framework.connection.XMLSocketSimulationAgent.getAction:430  No valid document received in time. Returning InvalidAction.
20110313 16:51:27.957 239 massim.framework.connection.XMLSocketSimulationAgent.getAction:430  No valid document received in time. Returning InvalidAction.
20110313 16:51:27.957 241 massim.framework.connection.XMLSocketSimulationAgent.getAction:430  No valid document received in time. Returning InvalidAction.
20110313 16:51:27.958 240 massim.framework.connection.XMLSocketSimulationAgent.getAction:430  No valid document received in time. Returning InvalidAction.
20110313 16:51:27.959 1 massim.competition2011.GraphSimulation.postSimulationStep:85  Simulation at step: 11
20110313 16:51:27.959 1 massim.framework.ObjectDumperObserver.notifySimulationState:57
20110313 16:51:30.463 242 massim.framework.connection.XMLSocketSimulationAgent.getAction:430  No valid document received in time. Returning InvalidAction.
20110313 16:51:30.470 243 massim.framework.connection.XMLSocketSimulationAgent.getAction:430  No valid document received in time. Returning InvalidAction.
20110313 16:51:30.477 244 massim.framework.connection.XMLSocketSimulationAgent.getAction:430  No valid document received in time. Returning InvalidAction.
20110313 16:51:30.477 245 massim.framework.connection.XMLSocketSimulationAgent.getAction:430  No valid document received in time. Returning InvalidAction.
20110313 16:51:30.478 246 massim.framework.connection.XMLSocketSimulationAgent.getAction:430  No valid document received in time. Returning InvalidAction.
20110313 16:51:30.479 247 massim.framework.connection.XMLSocketSimulationAgent.getAction:430  No valid document received in time. Returning InvalidAction.
20110313 16:51:30.479 248 massim.framework.connection.XMLSocketSimulationAgent.getAction:430  No valid document received in time. Returning InvalidAction.
20110313 16:51:30.479 249 massim.framework.connection.XMLSocketSimulationAgent.getAction:430  No valid document received in time. Returning InvalidAction.
20110313 16:51:30.480 250 massim.framework.connection.XMLSocketSimulationAgent.getAction:430  No valid document received in time. Returning InvalidAction.
20110313 16:51:30.480 251 massim.framework.connection.XMLSocketSimulationAgent.getAction:430  No valid document received in time. Returning InvalidAction.
20110313 16:51:30.481 252 massim.framework.connection.XMLSocketSimulationAgent.getAction:430  No valid document received in time. Returning InvalidAction.
20110313 16:51:30.482 253 massim.framework.connection.XMLSocketSimulationAgent.getAction:430  No valid document received in time. Returning InvalidAction.
20110313 16:51:30.483 254 massim.framework.connection.XMLSocketSimulationAgent.getAction:430  No valid document received in time. Returning InvalidAction.
20110313 16:51:30.484 255 massim.framework.connection.XMLSocketSimulationAgent.getAction:430  No valid document received in time. Returning InvalidAction.
20110313 16:51:30.485 256 massim.framework.connection.XMLSocketSimulationAgent.getAction:430  No valid document received in time. Returning InvalidAction.
20110313 16:51:30.486 257 massim.framework.connection.XMLSocketSimulationAgent.getAction:430  No valid document received in time. Returning InvalidAction.
20110313 16:51:30.487 258 massim.framework.connection.XMLSocketSimulationAgent.getAction:430  No valid document received in time. Returning InvalidAction.
20110313 16:51:30.487 259 massim.framework.connection.XMLSocketSimulationAgent.getAction:430  No valid document received in time. Returning InvalidAction.
20110313 16:51:30.488 260 massim.framework.connection.XMLSocketSimulationAgent.getAction:430  No valid document received in time. Returning InvalidAction.
20110313 16:51:30.489 261 massim.framework.connection.XMLSocketSimulationAgent.getAction:430  No valid document received in time. Returning InvalidAction.
20110313 16:51:30.494 1 massim.competition2011.GraphSimulation.postSimulationStep:85  Simulation at step: 12
20110313 16:51:30.495 1 massim.framework.ObjectDumperObserver.notifySimulationState:57
20110313 16:51:33.007 262 massim.framework.connection.XMLSocketSimulationAgent.getAction:430  No valid document received in time. Returning InvalidAction.
20110313 16:51:33.017 263 massim.framework.connection.XMLSocketSimulationAgent.getAction:430  No valid document received in time. Returning InvalidAction.
20110313 16:51:33.024 264 massim.framework.connection.XMLSocketSimulationAgent.getAction:430  No valid document received in time. Returning InvalidAction.
20110313 16:51:33.025 266 massim.framework.connection.XMLSocketSimulationAgent.getAction:430  No valid document received in time. Returning InvalidAction.
20110313 16:51:33.025 265 massim.framework.connection.XMLSocketSimulationAgent.getAction:430  No valid document received in time. Returning InvalidAction.
20110313 16:51:33.036 267 massim.framework.connection.XMLSocketSimulationAgent.getAction:430  No valid document received in time. Returning InvalidAction.
20110313 16:51:33.043 268 massim.framework.connection.XMLSocketSimulationAgent.getAction:430  No valid document received in time. Returning InvalidAction.
20110313 16:51:33.051 269 massim.framework.connection.XMLSocketSimulationAgent.getAction:430  No valid document received in time. Returning InvalidAction.
20110313 16:51:33.052 270 massim.framework.connection.XMLSocketSimulationAgent.getAction:430  No valid document received in time. Returning InvalidAction.
20110313 16:51:33.053 271 massim.framework.connection.XMLSocketSimulationAgent.getAction:430  No valid document received in time. Returning InvalidAction.
20110313 16:51:33.054 272 massim.framework.connection.XMLSocketSimulationAgent.getAction:430  No valid document received in time. Returning InvalidAction.
20110313 16:51:33.056 273 massim.framework.connection.XMLSocketSimulationAgent.getAction:430  No valid document received in time. Returning InvalidAction.
20110313 16:51:33.057 274 massim.framework.connection.XMLSocketSimulationAgent.getAction:430  No valid document received in time. Returning InvalidAction.
20110313 16:51:33.057 275 massim.framework.connection.XMLSocketSimulationAgent.getAction:430  No valid document received in time. Returning InvalidAction.
20110313 16:51:33.058 276 massim.framework.connection.XMLSocketSimulationAgent.getAction:430  No valid document received in time. Returning InvalidAction.
20110313 16:51:33.059 277 massim.framework.connection.XMLSocketSimulationAgent.getAction:430  No valid document received in time. Returning InvalidAction.
20110313 16:51:33.060 278 massim.framework.connection.XMLSocketSimulationAgent.getAction:430  No valid document received in time. Returning InvalidAction.
20110313 16:51:33.061 279 massim.framework.connection.XMLSocketSimulationAgent.getAction:430  No valid document received in time. Returning InvalidAction.
20110313 16:51:33.062 280 massim.framework.connection.XMLSocketSimulationAgent.getAction:430  No valid document received in time. Returning InvalidAction.
20110313 16:51:33.063 281 massim.framework.connection.XMLSocketSimulationAgent.getAction:430  No valid document received in time. Returning InvalidAction.
20110313 16:51:33.063 1 massim.competition2011.GraphSimulation.postSimulationStep:85  Simulation at step: 13
20110313 16:51:33.064 1 massim.framework.ObjectDumperObserver.notifySimulationState:57
20110313 16:51:35.569 282 massim.framework.connection.XMLSocketSimulationAgent.getAction:430  No valid document received in time. Returning InvalidAction.
20110313 16:51:35.571 283 massim.framework.connection.XMLSocketSimulationAgent.getAction:430  No valid document received in time. Returning InvalidAction.
20110313 16:51:35.572 284 massim.framework.connection.XMLSocketSimulationAgent.getAction:430  No valid document received in time. Returning InvalidAction.
20110313 16:51:35.573 285 massim.framework.connection.XMLSocketSimulationAgent.getAction:430  No valid document received in time. Returning InvalidAction.
20110313 16:51:35.574 287 massim.framework.connection.XMLSocketSimulationAgent.getAction:430  No valid document received in time. Returning InvalidAction.
20110313 16:51:35.574 286 massim.framework.connection.XMLSocketSimulationAgent.getAction:430  No valid document received in time. Returning InvalidAction.
20110313 16:51:35.575 289 massim.framework.connection.XMLSocketSimulationAgent.getAction:430  No valid document received in time. Returning InvalidAction.
20110313 16:51:35.575 288 massim.framework.connection.XMLSocketSimulationAgent.getAction:430  No valid document received in time. Returning InvalidAction.
20110313 16:51:35.576 290 massim.framework.connection.XMLSocketSimulationAgent.getAction:430  No valid document received in time. Returning InvalidAction.
20110313 16:51:35.576 291 massim.framework.connection.XMLSocketSimulationAgent.getAction:430  No valid document received in time. Returning InvalidAction.
20110313 16:51:35.576 292 massim.framework.connection.XMLSocketSimulationAgent.getAction:430  No valid document received in time. Returning InvalidAction.
20110313 16:51:35.577 294 massim.framework.connection.XMLSocketSimulationAgent.getAction:430  No valid document received in time. Returning InvalidAction.
20110313 16:51:35.577 293 massim.framework.connection.XMLSocketSimulationAgent.getAction:430  No valid document received in time. Returning InvalidAction.
20110313 16:51:35.578 295 massim.framework.connection.XMLSocketSimulationAgent.getAction:430  No valid document received in time. Returning InvalidAction.
20110313 16:51:35.578 297 massim.framework.connection.XMLSocketSimulationAgent.getAction:430  No valid document received in time. Returning InvalidAction.
20110313 16:51:35.578 296 massim.framework.connection.XMLSocketSimulationAgent.getAction:430  No valid document received in time. Returning InvalidAction.
20110313 16:51:35.579 298 massim.framework.connection.XMLSocketSimulationAgent.getAction:430  No valid document received in time. Returning InvalidAction.
20110313 16:51:35.580 299 massim.framework.connection.XMLSocketSimulationAgent.getAction:430  No valid document received in time. Returning InvalidAction.
20110313 16:51:35.581 300 massim.framework.connection.XMLSocketSimulationAgent.getAction:430  No valid document received in time. Returning InvalidAction.
20110313 16:51:35.582 301 massim.framework.connection.XMLSocketSimulationAgent.getAction:430  No valid document received in time. Returning InvalidAction.
20110313 16:51:35.582 1 massim.competition2011.GraphSimulation.postSimulationStep:85  Simulation at step: 14
20110313 16:51:35.583 1 massim.framework.ObjectDumperObserver.notifySimulationState:57
20110313 16:51:38.087 303 massim.framework.connection.XMLSocketSimulationAgent.getAction:430  No valid document received in time. Returning InvalidAction.
20110313 16:51:38.087 302 massim.framework.connection.XMLSocketSimulationAgent.getAction:430  No valid document received in time. Returning InvalidAction.
20110313 16:51:38.092 306 massim.framework.connection.XMLSocketSimulationAgent.getAction:430  No valid document received in time. Returning InvalidAction.
20110313 16:51:38.093 307 massim.framework.connection.XMLSocketSimulationAgent.getAction:430  No valid document received in time. Returning InvalidAction.
20110313 16:51:38.094 308 massim.framework.connection.XMLSocketSimulationAgent.getAction:430  No valid document received in time. Returning InvalidAction.
20110313 16:51:38.095 309 massim.framework.connection.XMLSocketSimulationAgent.getAction:430  No valid document received in time. Returning InvalidAction.
20110313 16:51:38.096 310 massim.framework.connection.XMLSocketSimulationAgent.getAction:430  No valid document received in time. Returning InvalidAction.
20110313 16:51:38.097 311 massim.framework.connection.XMLSocketSimulationAgent.getAction:430  No valid document received in time. Returning InvalidAction.
20110313 16:51:38.098 312 massim.framework.connection.XMLSocketSimulationAgent.getAction:430  No valid document received in time. Returning InvalidAction.
20110313 16:51:38.099 313 massim.framework.connection.XMLSocketSimulationAgent.getAction:430  No valid document received in time. Returning InvalidAction.
20110313 16:51:38.099 304 massim.framework.connection.XMLSocketSimulationAgent.getAction:430  No valid document received in time. Returning InvalidAction.
20110313 16:51:38.100 314 massim.framework.connection.XMLSocketSimulationAgent.getAction:430  No valid document received in time. Returning InvalidAction.
20110313 16:51:38.100 305 massim.framework.connection.XMLSocketSimulationAgent.getAction:430  No valid document received in time. Returning InvalidAction.
20110313 16:51:38.101 315 massim.framework.connection.XMLSocketSimulationAgent.getAction:430  No valid document received in time. Returning InvalidAction.
20110313 16:51:38.102 316 massim.framework.connection.XMLSocketSimulationAgent.getAction:430  No valid document received in time. Returning InvalidAction.
20110313 16:51:38.102 317 massim.framework.connection.XMLSocketSimulationAgent.getAction:430  No valid document received in time. Returning InvalidAction.
20110313 16:51:38.103 318 massim.framework.connection.XMLSocketSimulationAgent.getAction:430  No valid document received in time. Returning InvalidAction.
20110313 16:51:38.104 319 massim.framework.connection.XMLSocketSimulationAgent.getAction:430  No valid document received in time. Returning InvalidAction.
20110313 16:51:38.104 320 massim.framework.connection.XMLSocketSimulationAgent.getAction:430  No valid document received in time. Returning InvalidAction.
20110313 16:51:38.105 321 massim.framework.connection.XMLSocketSimulationAgent.getAction:430  No valid document received in time. Returning InvalidAction.
20110313 16:51:38.105 1 massim.competition2011.GraphSimulation.postSimulationStep:85  Simulation at step: 15
20110313 16:51:38.106 1 massim.framework.ObjectDumperObserver.notifySimulationState:57
20110313 16:51:40.610 322 massim.framework.connection.XMLSocketSimulationAgent.getAction:430  No valid document received in time. Returning InvalidAction.
20110313 16:51:40.611 323 massim.framework.connection.XMLSocketSimulationAgent.getAction:430  No valid document received in time. Returning InvalidAction.
20110313 16:51:40.612 324 massim.framework.connection.XMLSocketSimulationAgent.getAction:430  No valid document received in time. Returning InvalidAction.
20110313 16:51:40.613 325 massim.framework.connection.XMLSocketSimulationAgent.getAction:430  No valid document received in time. Returning InvalidAction.
20110313 16:51:40.613 326 massim.framework.connection.XMLSocketSimulationAgent.getAction:430  No valid document received in time. Returning InvalidAction.
20110313 16:51:40.614 327 massim.framework.connection.XMLSocketSimulationAgent.getAction:430  No valid document received in time. Returning InvalidAction.
20110313 16:51:40.615 328 massim.framework.connection.XMLSocketSimulationAgent.getAction:430  No valid document received in time. Returning InvalidAction.
20110313 16:51:40.616 329 massim.framework.connection.XMLSocketSimulationAgent.getAction:430  No valid document received in time. Returning InvalidAction.
20110313 16:51:40.617 331 massim.framework.connection.XMLSocketSimulationAgent.getAction:430  No valid document received in time. Returning InvalidAction.
20110313 16:51:40.617 330 massim.framework.connection.XMLSocketSimulationAgent.getAction:430  No valid document received in time. Returning InvalidAction.
20110313 16:51:40.618 332 massim.framework.connection.XMLSocketSimulationAgent.getAction:430  No valid document received in time. Returning InvalidAction.
20110313 16:51:40.618 333 massim.framework.connection.XMLSocketSimulationAgent.getAction:430  No valid document received in time. Returning InvalidAction.
20110313 16:51:40.618 334 massim.framework.connection.XMLSocketSimulationAgent.getAction:430  No valid document received in time. Returning InvalidAction.
20110313 16:51:40.619 335 massim.framework.connection.XMLSocketSimulationAgent.getAction:430  No valid document received in time. Returning InvalidAction.
20110313 16:51:40.619 336 massim.framework.connection.XMLSocketSimulationAgent.getAction:430  No valid document received in time. Returning InvalidAction.
20110313 16:51:40.620 337 massim.framework.connection.XMLSocketSimulationAgent.getAction:430  No valid document received in time. Returning InvalidAction.
20110313 16:51:40.621 338 massim.framework.connection.XMLSocketSimulationAgent.getAction:430  No valid document received in time. Returning InvalidAction.
20110313 16:51:40.622 339 massim.framework.connection.XMLSocketSimulationAgent.getAction:430  No valid document received in time. Returning InvalidAction.
20110313 16:51:40.623 341 massim.framework.connection.XMLSocketSimulationAgent.getAction:430  No valid document received in time. Returning InvalidAction.
20110313 16:51:40.623 340 massim.framework.connection.XMLSocketSimulationAgent.getAction:430  No valid document received in time. Returning InvalidAction.
20110313 16:51:40.623 1 massim.competition2011.GraphSimulation.postSimulationStep:85  Simulation at step: 16
20110313 16:51:40.624 1 massim.framework.ObjectDumperObserver.notifySimulationState:57
