20110313 16:32:08.547 1 massim.server.Server.config:151  Server launched
20110313 16:32:08.566 1 massim.framework.connection.InetSocketListener.<init>:16  InetSocketListener created. Set to port 12300 with backlog 10
node:[match: null]
20110313 16:32:08.598 1 massim.server.Server.createRMI:693  Create rmiregistry on port  1099
20110313 16:32:08.605 10 massim.framework.connection.InetSocketListener.waitForIncomingSocket:28
20110313 16:32:08.606 10 massim.framework.connection.InetSocketListener.waitForIncomingSocket:31  waiting for connection...
20110313 16:32:11.277 10 massim.framework.connection.InetSocketListener.waitForIncomingSocket:33  got a connection
20110313 16:32:11.278 10 massim.framework.connection.InetSocketListener.waitForIncomingSocket:28
20110313 16:32:11.279 19 massim.framework.connection.AbstractSocketLoginManager.handleSocket:33
20110313 16:32:11.279 10 massim.framework.connection.InetSocketListener.waitForIncomingSocket:31  waiting for connection...
20110313 16:32:11.279 19 massim.framework.connection.UsernamePasswordSocketLoginManager.getAuthentication:40  retrieving authentication from client 
x<?xml version="1.0" encoding="UTF-8" standalone="no"?><message type="auth-request"><authentication password="1" username="a1"/></message>
20110313 16:32:13.284 19 massim.framework.connection.UsernamePasswordSocketLoginManager.getAuthentication:75  got authentication: a1:1:127.0.0.1
20110313 16:32:33.883 1 massim.server.Server.run:521  now playing: A vs B
20110313 16:32:33.892 1 massim.server.ServerSimulationRun2.<init>:127  ######################### new simulation run ----
20110313 16:32:33.917 1 massim.framework.DefaultObserver.start:18
20110313 16:32:33.918 1 massim.framework.DefaultObserver.start:18
20110313 16:32:33.918 1 massim.framework.ObjectDumperObserver.start:68
20110313 16:32:33.919 1 massim.framework.rmi.XMLDocumentObserver.start:111  creating...
20110313 16:32:33.921 1 massim.framework.rmi.XMLDocumentObserver.start:113  binding...
20110313 16:32:33.927 1 massim.framework.rmi.XMLDocumentObserver.start:116  bound
20110313 16:32:33.928 1 massim.framework.DefaultObserver.notifySimulationConfiguration:30
20110313 16:32:33.928 1 massim.framework.DefaultObserver.notifySimulationConfiguration:30
20110313 16:32:33.929 1 massim.framework.ObjectDumperObserver.notifySimulationStart:50
20110313 16:32:33.982 1 massim.framework.ObjectDumperObserver.notifySimulationState:57
20110313 16:32:36.544 22 massim.framework.connection.XMLSocketSimulationAgent.getAction:430  No valid document received in time. Returning InvalidAction.
20110313 16:32:36.548 23 massim.framework.connection.XMLSocketSimulationAgent.getAction:430  No valid document received in time. Returning InvalidAction.
20110313 16:32:36.548 25 massim.framework.connection.XMLSocketSimulationAgent.getAction:430  No valid document received in time. Returning InvalidAction.
20110313 16:32:36.548 24 massim.framework.connection.XMLSocketSimulationAgent.getAction:430  No valid document received in time. Returning InvalidAction.
20110313 16:32:36.552 27 massim.framework.connection.XMLSocketSimulationAgent.getAction:430  No valid document received in time. Returning InvalidAction.
20110313 16:32:36.552 26 massim.framework.connection.XMLSocketSimulationAgent.getAction:430  No valid document received in time. Returning InvalidAction.
20110313 16:32:36.554 28 massim.framework.connection.XMLSocketSimulationAgent.getAction:430  No valid document received in time. Returning InvalidAction.
20110313 16:32:36.558 29 massim.framework.connection.XMLSocketSimulationAgent.getAction:430  No valid document received in time. Returning InvalidAction.
20110313 16:32:36.562 30 massim.framework.connection.XMLSocketSimulationAgent.getAction:430  No valid document received in time. Returning InvalidAction.
20110313 16:32:36.568 32 massim.framework.connection.XMLSocketSimulationAgent.getAction:430  No valid document received in time. Returning InvalidAction.
20110313 16:32:36.571 31 massim.framework.connection.XMLSocketSimulationAgent.getAction:430  No valid document received in time. Returning InvalidAction.
20110313 16:32:36.572 34 massim.framework.connection.XMLSocketSimulationAgent.getAction:430  No valid document received in time. Returning InvalidAction.
20110313 16:32:36.572 33 massim.framework.connection.XMLSocketSimulationAgent.getAction:430  No valid document received in time. Returning InvalidAction.
20110313 16:32:36.583 36 massim.framework.connection.XMLSocketSimulationAgent.getAction:430  No valid document received in time. Returning InvalidAction.
20110313 16:32:36.584 35 massim.framework.connection.XMLSocketSimulationAgent.getAction:430  No valid document received in time. Returning InvalidAction.
20110313 16:32:36.590 37 massim.framework.connection.XMLSocketSimulationAgent.getAction:430  No valid document received in time. Returning InvalidAction.
20110313 16:32:36.590 39 massim.framework.connection.XMLSocketSimulationAgent.getAction:430  No valid document received in time. Returning InvalidAction.
20110313 16:32:36.590 38 massim.framework.connection.XMLSocketSimulationAgent.getAction:430  No valid document received in time. Returning InvalidAction.
20110313 16:32:36.599 40 massim.framework.connection.XMLSocketSimulationAgent.getAction:430  No valid document received in time. Returning InvalidAction.
20110313 16:32:36.602 41 massim.framework.connection.XMLSocketSimulationAgent.getAction:430  No valid document received in time. Returning InvalidAction.
20110313 16:32:36.606 1 massim.competition2011.GraphSimulation.postSimulationStep:85  Simulation at step: 1
20110313 16:32:36.607 1 massim.framework.ObjectDumperObserver.notifySimulationState:57
20110313 16:32:39.131 42 massim.framework.connection.XMLSocketSimulationAgent.getAction:430  No valid document received in time. Returning InvalidAction.
20110313 16:32:39.138 43 massim.framework.connection.XMLSocketSimulationAgent.getAction:430  No valid document received in time. Returning InvalidAction.
20110313 16:32:39.142 44 massim.framework.connection.XMLSocketSimulationAgent.getAction:430  No valid document received in time. Returning InvalidAction.
20110313 16:32:39.145 46 massim.framework.connection.XMLSocketSimulationAgent.getAction:430  No valid document received in time. Returning InvalidAction.
20110313 16:32:39.145 45 massim.framework.connection.XMLSocketSimulationAgent.getAction:430  No valid document received in time. Returning InvalidAction.
20110313 16:32:39.146 47 massim.framework.connection.XMLSocketSimulationAgent.getAction:430  No valid document received in time. Returning InvalidAction.
20110313 16:32:39.147 48 massim.framework.connection.XMLSocketSimulationAgent.getAction:430  No valid document received in time. Returning InvalidAction.
20110313 16:32:39.149 49 massim.framework.connection.XMLSocketSimulationAgent.getAction:430  No valid document received in time. Returning InvalidAction.
20110313 16:32:39.149 50 massim.framework.connection.XMLSocketSimulationAgent.getAction:430  No valid document received in time. Returning InvalidAction.
20110313 16:32:39.152 51 massim.framework.connection.XMLSocketSimulationAgent.getAction:430  No valid document received in time. Returning InvalidAction.
20110313 16:32:39.153 52 massim.framework.connection.XMLSocketSimulationAgent.getAction:430  No valid document received in time. Returning InvalidAction.
20110313 16:32:39.154 53 massim.framework.connection.XMLSocketSimulationAgent.getAction:430  No valid document received in time. Returning InvalidAction.
20110313 16:32:39.157 54 massim.framework.connection.XMLSocketSimulationAgent.getAction:430  No valid document received in time. Returning InvalidAction.
20110313 16:32:39.159 55 massim.framework.connection.XMLSocketSimulationAgent.getAction:430  No valid document received in time. Returning InvalidAction.
20110313 16:32:39.161 56 massim.framework.connection.XMLSocketSimulationAgent.getAction:430  No valid document received in time. Returning InvalidAction.
20110313 16:32:39.164 57 massim.framework.connection.XMLSocketSimulationAgent.getAction:430  No valid document received in time. Returning InvalidAction.
20110313 16:32:39.167 58 massim.framework.connection.XMLSocketSimulationAgent.getAction:430  No valid document received in time. Returning InvalidAction.
20110313 16:32:39.168 59 massim.framework.connection.XMLSocketSimulationAgent.getAction:430  No valid document received in time. Returning InvalidAction.
20110313 16:32:39.170 60 massim.framework.connection.XMLSocketSimulationAgent.getAction:430  No valid document received in time. Returning InvalidAction.
20110313 16:32:39.172 61 massim.framework.connection.XMLSocketSimulationAgent.getAction:430  No valid document received in time. Returning InvalidAction.
20110313 16:32:39.173 1 massim.competition2011.GraphSimulation.postSimulationStep:85  Simulation at step: 2
20110313 16:32:39.174 1 massim.framework.ObjectDumperObserver.notifySimulationState:57
20110313 16:32:41.686 62 massim.framework.connection.XMLSocketSimulationAgent.getAction:430  No valid document received in time. Returning InvalidAction.
20110313 16:32:41.689 63 massim.framework.connection.XMLSocketSimulationAgent.getAction:430  No valid document received in time. Returning InvalidAction.
20110313 16:32:41.698 64 massim.framework.connection.XMLSocketSimulationAgent.getAction:430  No valid document received in time. Returning InvalidAction.
20110313 16:32:41.701 65 massim.framework.connection.XMLSocketSimulationAgent.getAction:430  No valid document received in time. Returning InvalidAction.
20110313 16:32:41.703 66 massim.framework.connection.XMLSocketSimulationAgent.getAction:430  No valid document received in time. Returning InvalidAction.
20110313 16:32:41.703 67 massim.framework.connection.XMLSocketSimulationAgent.getAction:430  No valid document received in time. Returning InvalidAction.
20110313 16:32:41.707 68 massim.framework.connection.XMLSocketSimulationAgent.getAction:430  No valid document received in time. Returning InvalidAction.
20110313 16:32:41.707 69 massim.framework.connection.XMLSocketSimulationAgent.getAction:430  No valid document received in time. Returning InvalidAction.
20110313 16:32:41.709 70 massim.framework.connection.XMLSocketSimulationAgent.getAction:430  No valid document received in time. Returning InvalidAction.
20110313 16:32:41.712 71 massim.framework.connection.XMLSocketSimulationAgent.getAction:430  No valid document received in time. Returning InvalidAction.
20110313 16:32:41.712 72 massim.framework.connection.XMLSocketSimulationAgent.getAction:430  No valid document received in time. Returning InvalidAction.
20110313 16:32:41.723 73 massim.framework.connection.XMLSocketSimulationAgent.getAction:430  No valid document received in time. Returning InvalidAction.
20110313 16:32:41.735 74 massim.framework.connection.XMLSocketSimulationAgent.getAction:430  No valid document received in time. Returning InvalidAction.
20110313 16:32:41.737 75 massim.framework.connection.XMLSocketSimulationAgent.getAction:430  No valid document received in time. Returning InvalidAction.
20110313 16:32:41.738 76 massim.framework.connection.XMLSocketSimulationAgent.getAction:430  No valid document received in time. Returning InvalidAction.
20110313 16:32:41.741 77 massim.framework.connection.XMLSocketSimulationAgent.getAction:430  No valid document received in time. Returning InvalidAction.
20110313 16:32:41.744 78 massim.framework.connection.XMLSocketSimulationAgent.getAction:430  No valid document received in time. Returning InvalidAction.
20110313 16:32:41.753 80 massim.framework.connection.XMLSocketSimulationAgent.getAction:430  No valid document received in time. Returning InvalidAction.
20110313 16:32:41.753 79 massim.framework.connection.XMLSocketSimulationAgent.getAction:430  No valid document received in time. Returning InvalidAction.
20110313 16:32:41.755 81 massim.framework.connection.XMLSocketSimulationAgent.getAction:430  No valid document received in time. Returning InvalidAction.
20110313 16:32:41.756 1 massim.competition2011.GraphSimulation.postSimulationStep:85  Simulation at step: 3
20110313 16:32:41.756 1 massim.framework.ObjectDumperObserver.notifySimulationState:57
20110313 16:32:44.263 83 massim.framework.connection.XMLSocketSimulationAgent.getAction:430  No valid document received in time. Returning InvalidAction.
20110313 16:32:44.263 82 massim.framework.connection.XMLSocketSimulationAgent.getAction:430  No valid document received in time. Returning InvalidAction.
20110313 16:32:44.264 84 massim.framework.connection.XMLSocketSimulationAgent.getAction:430  No valid document received in time. Returning InvalidAction.
20110313 16:32:44.266 85 massim.framework.connection.XMLSocketSimulationAgent.getAction:430  No valid document received in time. Returning InvalidAction.
20110313 16:32:44.268 86 massim.framework.connection.XMLSocketSimulationAgent.getAction:430  No valid document received in time. Returning InvalidAction.
20110313 16:32:44.270 87 massim.framework.connection.XMLSocketSimulationAgent.getAction:430  No valid document received in time. Returning InvalidAction.
20110313 16:32:44.272 88 massim.framework.connection.XMLSocketSimulationAgent.getAction:430  No valid document received in time. Returning InvalidAction.
20110313 16:32:44.272 89 massim.framework.connection.XMLSocketSimulationAgent.getAction:430  No valid document received in time. Returning InvalidAction.
20110313 16:32:44.273 90 massim.framework.connection.XMLSocketSimulationAgent.getAction:430  No valid document received in time. Returning InvalidAction.
20110313 16:32:44.275 91 massim.framework.connection.XMLSocketSimulationAgent.getAction:430  No valid document received in time. Returning InvalidAction.
20110313 16:32:44.275 92 massim.framework.connection.XMLSocketSimulationAgent.getAction:430  No valid document received in time. Returning InvalidAction.
20110313 16:32:44.276 93 massim.framework.connection.XMLSocketSimulationAgent.getAction:430  No valid document received in time. Returning InvalidAction.
20110313 16:32:44.278 94 massim.framework.connection.XMLSocketSimulationAgent.getAction:430  No valid document received in time. Returning InvalidAction.
20110313 16:32:44.279 95 massim.framework.connection.XMLSocketSimulationAgent.getAction:430  No valid document received in time. Returning InvalidAction.
20110313 16:32:44.280 96 massim.framework.connection.XMLSocketSimulationAgent.getAction:430  No valid document received in time. Returning InvalidAction.
20110313 16:32:44.282 97 massim.framework.connection.XMLSocketSimulationAgent.getAction:430  No valid document received in time. Returning InvalidAction.
20110313 16:32:44.284 98 massim.framework.connection.XMLSocketSimulationAgent.getAction:430  No valid document received in time. Returning InvalidAction.
20110313 16:32:44.298 99 massim.framework.connection.XMLSocketSimulationAgent.getAction:430  No valid document received in time. Returning InvalidAction.
20110313 16:32:44.300 100 massim.framework.connection.XMLSocketSimulationAgent.getAction:430  No valid document received in time. Returning InvalidAction.
20110313 16:32:44.302 101 massim.framework.connection.XMLSocketSimulationAgent.getAction:430  No valid document received in time. Returning InvalidAction.
20110313 16:32:44.303 1 massim.competition2011.GraphSimulation.postSimulationStep:85  Simulation at step: 4
20110313 16:32:44.303 1 massim.framework.ObjectDumperObserver.notifySimulationState:57
20110313 16:32:46.809 102 massim.framework.connection.XMLSocketSimulationAgent.getAction:430  No valid document received in time. Returning InvalidAction.
20110313 16:32:46.812 103 massim.framework.connection.XMLSocketSimulationAgent.getAction:430  No valid document received in time. Returning InvalidAction.
20110313 16:32:46.813 104 massim.framework.connection.XMLSocketSimulationAgent.getAction:430  No valid document received in time. Returning InvalidAction.
20110313 16:32:46.814 106 massim.framework.connection.XMLSocketSimulationAgent.getAction:430  No valid document received in time. Returning InvalidAction.
20110313 16:32:46.814 105 massim.framework.connection.XMLSocketSimulationAgent.getAction:430  No valid document received in time. Returning InvalidAction.
20110313 16:32:46.815 107 massim.framework.connection.XMLSocketSimulationAgent.getAction:430  No valid document received in time. Returning InvalidAction.
20110313 16:32:46.816 108 massim.framework.connection.XMLSocketSimulationAgent.getAction:430  No valid document received in time. Returning InvalidAction.
20110313 16:32:46.817 109 massim.framework.connection.XMLSocketSimulationAgent.getAction:430  No valid document received in time. Returning InvalidAction.
20110313 16:32:46.818 110 massim.framework.connection.XMLSocketSimulationAgent.getAction:430  No valid document received in time. Returning InvalidAction.
20110313 16:32:46.819 111 massim.framework.connection.XMLSocketSimulationAgent.getAction:430  No valid document received in time. Returning InvalidAction.
20110313 16:32:46.822 112 massim.framework.connection.XMLSocketSimulationAgent.getAction:430  No valid document received in time. Returning InvalidAction.
20110313 16:32:46.823 114 massim.framework.connection.XMLSocketSimulationAgent.getAction:430  No valid document received in time. Returning InvalidAction.
20110313 16:32:46.823 113 massim.framework.connection.XMLSocketSimulationAgent.getAction:430  No valid document received in time. Returning InvalidAction.
20110313 16:32:46.824 117 massim.framework.connection.XMLSocketSimulationAgent.getAction:430  No valid document received in time. Returning InvalidAction.
20110313 16:32:46.824 116 massim.framework.connection.XMLSocketSimulationAgent.getAction:430  No valid document received in time. Returning InvalidAction.
20110313 16:32:46.824 115 massim.framework.connection.XMLSocketSimulationAgent.getAction:430  No valid document received in time. Returning InvalidAction.
20110313 16:32:46.825 119 massim.framework.connection.XMLSocketSimulationAgent.getAction:430  No valid document received in time. Returning InvalidAction.
20110313 16:32:46.825 120 massim.framework.connection.XMLSocketSimulationAgent.getAction:430  No valid document received in time. Returning InvalidAction.
20110313 16:32:46.825 121 massim.framework.connection.XMLSocketSimulationAgent.getAction:430  No valid document received in time. Returning InvalidAction.
20110313 16:32:46.825 118 massim.framework.connection.XMLSocketSimulationAgent.getAction:430  No valid document received in time. Returning InvalidAction.
20110313 16:32:46.826 1 massim.competition2011.GraphSimulation.postSimulationStep:85  Simulation at step: 5
20110313 16:32:46.827 1 massim.framework.ObjectDumperObserver.notifySimulationState:57
20110313 16:32:49.338 122 massim.framework.connection.XMLSocketSimulationAgent.getAction:430  No valid document received in time. Returning InvalidAction.
20110313 16:32:49.341 123 massim.framework.connection.XMLSocketSimulationAgent.getAction:430  No valid document received in time. Returning InvalidAction.
20110313 16:32:49.342 124 massim.framework.connection.XMLSocketSimulationAgent.getAction:430  No valid document received in time. Returning InvalidAction.
20110313 16:32:49.344 125 massim.framework.connection.XMLSocketSimulationAgent.getAction:430  No valid document received in time. Returning InvalidAction.
20110313 16:32:49.346 126 massim.framework.connection.XMLSocketSimulationAgent.getAction:430  No valid document received in time. Returning InvalidAction.
20110313 16:32:49.354 127 massim.framework.connection.XMLSocketSimulationAgent.getAction:430  No valid document received in time. Returning InvalidAction.
20110313 16:32:49.357 128 massim.framework.connection.XMLSocketSimulationAgent.getAction:430  No valid document received in time. Returning InvalidAction.
20110313 16:32:49.358 129 massim.framework.connection.XMLSocketSimulationAgent.getAction:430  No valid document received in time. Returning InvalidAction.
20110313 16:32:49.359 130 massim.framework.connection.XMLSocketSimulationAgent.getAction:430  No valid document received in time. Returning InvalidAction.
20110313 16:32:49.364 131 massim.framework.connection.XMLSocketSimulationAgent.getAction:430  No valid document received in time. Returning InvalidAction.
20110313 16:32:49.365 132 massim.framework.connection.XMLSocketSimulationAgent.getAction:430  No valid document received in time. Returning InvalidAction.
20110313 16:32:49.365 133 massim.framework.connection.XMLSocketSimulationAgent.getAction:430  No valid document received in time. Returning InvalidAction.
20110313 16:32:49.366 134 massim.framework.connection.XMLSocketSimulationAgent.getAction:430  No valid document received in time. Returning InvalidAction.
20110313 16:32:49.367 136 massim.framework.connection.XMLSocketSimulationAgent.getAction:430  No valid document received in time. Returning InvalidAction.
20110313 16:32:49.367 135 massim.framework.connection.XMLSocketSimulationAgent.getAction:430  No valid document received in time. Returning InvalidAction.
20110313 16:32:49.368 137 massim.framework.connection.XMLSocketSimulationAgent.getAction:430  No valid document received in time. Returning InvalidAction.
20110313 16:32:49.369 139 massim.framework.connection.XMLSocketSimulationAgent.getAction:430  No valid document received in time. Returning InvalidAction.
20110313 16:32:49.369 138 massim.framework.connection.XMLSocketSimulationAgent.getAction:430  No valid document received in time. Returning InvalidAction.
20110313 16:32:49.370 140 massim.framework.connection.XMLSocketSimulationAgent.getAction:430  No valid document received in time. Returning InvalidAction.
20110313 16:32:49.371 141 massim.framework.connection.XMLSocketSimulationAgent.getAction:430  No valid document received in time. Returning InvalidAction.
20110313 16:32:49.372 1 massim.competition2011.GraphSimulation.postSimulationStep:85  Simulation at step: 6
20110313 16:32:49.372 1 massim.framework.ObjectDumperObserver.notifySimulationState:57
20110313 16:32:51.883 142 massim.framework.connection.XMLSocketSimulationAgent.getAction:430  No valid document received in time. Returning InvalidAction.
20110313 16:32:51.888 143 massim.framework.connection.XMLSocketSimulationAgent.getAction:430  No valid document received in time. Returning InvalidAction.
20110313 16:32:51.889 144 massim.framework.connection.XMLSocketSimulationAgent.getAction:430  No valid document received in time. Returning InvalidAction.
20110313 16:32:51.890 145 massim.framework.connection.XMLSocketSimulationAgent.getAction:430  No valid document received in time. Returning InvalidAction.
20110313 16:32:51.891 146 massim.framework.connection.XMLSocketSimulationAgent.getAction:430  No valid document received in time. Returning InvalidAction.
20110313 16:32:51.892 147 massim.framework.connection.XMLSocketSimulationAgent.getAction:430  No valid document received in time. Returning InvalidAction.
20110313 16:32:51.893 148 massim.framework.connection.XMLSocketSimulationAgent.getAction:430  No valid document received in time. Returning InvalidAction.
20110313 16:32:51.894 149 massim.framework.connection.XMLSocketSimulationAgent.getAction:430  No valid document received in time. Returning InvalidAction.
20110313 16:32:51.899 150 massim.framework.connection.XMLSocketSimulationAgent.getAction:430  No valid document received in time. Returning InvalidAction.
20110313 16:32:51.902 151 massim.framework.connection.XMLSocketSimulationAgent.getAction:430  No valid document received in time. Returning InvalidAction.
20110313 16:32:51.903 152 massim.framework.connection.XMLSocketSimulationAgent.getAction:430  No valid document received in time. Returning InvalidAction.
20110313 16:32:51.904 153 massim.framework.connection.XMLSocketSimulationAgent.getAction:430  No valid document received in time. Returning InvalidAction.
20110313 16:32:51.905 154 massim.framework.connection.XMLSocketSimulationAgent.getAction:430  No valid document received in time. Returning InvalidAction.
20110313 16:32:51.906 155 massim.framework.connection.XMLSocketSimulationAgent.getAction:430  No valid document received in time. Returning InvalidAction.
20110313 16:32:51.907 156 massim.framework.connection.XMLSocketSimulationAgent.getAction:430  No valid document received in time. Returning InvalidAction.
20110313 16:32:51.910 157 massim.framework.connection.XMLSocketSimulationAgent.getAction:430  No valid document received in time. Returning InvalidAction.
20110313 16:32:51.910 158 massim.framework.connection.XMLSocketSimulationAgent.getAction:430  No valid document received in time. Returning InvalidAction.
20110313 16:32:51.911 159 massim.framework.connection.XMLSocketSimulationAgent.getAction:430  No valid document received in time. Returning InvalidAction.
20110313 16:32:51.922 160 massim.framework.connection.XMLSocketSimulationAgent.getAction:430  No valid document received in time. Returning InvalidAction.
20110313 16:32:51.924 161 massim.framework.connection.XMLSocketSimulationAgent.getAction:430  No valid document received in time. Returning InvalidAction.
20110313 16:32:51.925 1 massim.competition2011.GraphSimulation.postSimulationStep:85  Simulation at step: 7
20110313 16:32:51.925 1 massim.framework.ObjectDumperObserver.notifySimulationState:57
20110313 16:32:54.430 162 massim.framework.connection.XMLSocketSimulationAgent.getAction:430  No valid document received in time. Returning InvalidAction.
20110313 16:32:54.430 163 massim.framework.connection.XMLSocketSimulationAgent.getAction:430  No valid document received in time. Returning InvalidAction.
20110313 16:32:54.433 165 massim.framework.connection.XMLSocketSimulationAgent.getAction:430  No valid document received in time. Returning InvalidAction.
20110313 16:32:54.433 164 massim.framework.connection.XMLSocketSimulationAgent.getAction:430  No valid document received in time. Returning InvalidAction.
20110313 16:32:54.440 166 massim.framework.connection.XMLSocketSimulationAgent.getAction:430  No valid document received in time. Returning InvalidAction.
20110313 16:32:54.451 167 massim.framework.connection.XMLSocketSimulationAgent.getAction:430  No valid document received in time. Returning InvalidAction.
20110313 16:32:54.452 168 massim.framework.connection.XMLSocketSimulationAgent.getAction:430  No valid document received in time. Returning InvalidAction.
20110313 16:32:54.453 169 massim.framework.connection.XMLSocketSimulationAgent.getAction:430  No valid document received in time. Returning InvalidAction.
20110313 16:32:54.454 170 massim.framework.connection.XMLSocketSimulationAgent.getAction:430  No valid document received in time. Returning InvalidAction.
20110313 16:32:54.458 171 massim.framework.connection.XMLSocketSimulationAgent.getAction:430  No valid document received in time. Returning InvalidAction.
20110313 16:32:54.459 172 massim.framework.connection.XMLSocketSimulationAgent.getAction:430  No valid document received in time. Returning InvalidAction.
20110313 16:32:54.460 173 massim.framework.connection.XMLSocketSimulationAgent.getAction:430  No valid document received in time. Returning InvalidAction.
20110313 16:32:54.461 174 massim.framework.connection.XMLSocketSimulationAgent.getAction:430  No valid document received in time. Returning InvalidAction.
20110313 16:32:54.464 175 massim.framework.connection.XMLSocketSimulationAgent.getAction:430  No valid document received in time. Returning InvalidAction.
20110313 16:32:54.466 176 massim.framework.connection.XMLSocketSimulationAgent.getAction:430  No valid document received in time. Returning InvalidAction.
20110313 16:32:54.467 177 massim.framework.connection.XMLSocketSimulationAgent.getAction:430  No valid document received in time. Returning InvalidAction.
20110313 16:32:54.468 178 massim.framework.connection.XMLSocketSimulationAgent.getAction:430  No valid document received in time. Returning InvalidAction.
20110313 16:32:54.469 179 massim.framework.connection.XMLSocketSimulationAgent.getAction:430  No valid document received in time. Returning InvalidAction.
20110313 16:32:54.479 181 massim.framework.connection.XMLSocketSimulationAgent.getAction:430  No valid document received in time. Returning InvalidAction.
20110313 16:32:54.479 180 massim.framework.connection.XMLSocketSimulationAgent.getAction:430  No valid document received in time. Returning InvalidAction.
20110313 16:32:54.480 1 massim.competition2011.GraphSimulation.postSimulationStep:85  Simulation at step: 8
20110313 16:32:54.481 1 massim.framework.ObjectDumperObserver.notifySimulationState:57
20110313 16:32:56.992 182 massim.framework.connection.XMLSocketSimulationAgent.getAction:430  No valid document received in time. Returning InvalidAction.
20110313 16:32:56.998 183 massim.framework.connection.XMLSocketSimulationAgent.getAction:430  No valid document received in time. Returning InvalidAction.
20110313 16:32:56.999 184 massim.framework.connection.XMLSocketSimulationAgent.getAction:430  No valid document received in time. Returning InvalidAction.
20110313 16:32:57.001 185 massim.framework.connection.XMLSocketSimulationAgent.getAction:430  No valid document received in time. Returning InvalidAction.
20110313 16:32:57.001 186 massim.framework.connection.XMLSocketSimulationAgent.getAction:430  No valid document received in time. Returning InvalidAction.
20110313 16:32:57.002 187 massim.framework.connection.XMLSocketSimulationAgent.getAction:430  No valid document received in time. Returning InvalidAction.
20110313 16:32:57.003 188 massim.framework.connection.XMLSocketSimulationAgent.getAction:430  No valid document received in time. Returning InvalidAction.
20110313 16:32:57.004 189 massim.framework.connection.XMLSocketSimulationAgent.getAction:430  No valid document received in time. Returning InvalidAction.
20110313 16:32:57.005 190 massim.framework.connection.XMLSocketSimulationAgent.getAction:430  No valid document received in time. Returning InvalidAction.
20110313 16:32:57.007 191 massim.framework.connection.XMLSocketSimulationAgent.getAction:430  No valid document received in time. Returning InvalidAction.
20110313 16:32:57.008 192 massim.framework.connection.XMLSocketSimulationAgent.getAction:430  No valid document received in time. Returning InvalidAction.
20110313 16:32:57.009 193 massim.framework.connection.XMLSocketSimulationAgent.getAction:430  No valid document received in time. Returning InvalidAction.
20110313 16:32:57.014 194 massim.framework.connection.XMLSocketSimulationAgent.getAction:430  No valid document received in time. Returning InvalidAction.
20110313 16:32:57.014 196 massim.framework.connection.XMLSocketSimulationAgent.getAction:430  No valid document received in time. Returning InvalidAction.
20110313 16:32:57.014 195 massim.framework.connection.XMLSocketSimulationAgent.getAction:430  No valid document received in time. Returning InvalidAction.
20110313 16:32:57.015 197 massim.framework.connection.XMLSocketSimulationAgent.getAction:430  No valid document received in time. Returning InvalidAction.
20110313 16:32:57.016 198 massim.framework.connection.XMLSocketSimulationAgent.getAction:430  No valid document received in time. Returning InvalidAction.
20110313 16:32:57.017 199 massim.framework.connection.XMLSocketSimulationAgent.getAction:430  No valid document received in time. Returning InvalidAction.
20110313 16:32:57.018 200 massim.framework.connection.XMLSocketSimulationAgent.getAction:430  No valid document received in time. Returning InvalidAction.
20110313 16:32:57.025 201 massim.framework.connection.XMLSocketSimulationAgent.getAction:430  No valid document received in time. Returning InvalidAction.
20110313 16:32:57.026 1 massim.competition2011.GraphSimulation.postSimulationStep:85  Simulation at step: 9
20110313 16:32:57.026 1 massim.framework.ObjectDumperObserver.notifySimulationState:57
20110313 16:32:59.539 202 massim.framework.connection.XMLSocketSimulationAgent.getAction:430  No valid document received in time. Returning InvalidAction.
20110313 16:32:59.539 203 massim.framework.connection.XMLSocketSimulationAgent.getAction:430  No valid document received in time. Returning InvalidAction.
20110313 16:32:59.541 204 massim.framework.connection.XMLSocketSimulationAgent.getAction:430  No valid document received in time. Returning InvalidAction.
20110313 16:32:59.542 205 massim.framework.connection.XMLSocketSimulationAgent.getAction:430  No valid document received in time. Returning InvalidAction.
20110313 16:32:59.546 206 massim.framework.connection.XMLSocketSimulationAgent.getAction:430  No valid document received in time. Returning InvalidAction.
20110313 16:32:59.548 207 massim.framework.connection.XMLSocketSimulationAgent.getAction:430  No valid document received in time. Returning InvalidAction.
20110313 16:32:59.553 208 massim.framework.connection.XMLSocketSimulationAgent.getAction:430  No valid document received in time. Returning InvalidAction.
20110313 16:32:59.561 210 massim.framework.connection.XMLSocketSimulationAgent.getAction:430  No valid document received in time. Returning InvalidAction.
20110313 16:32:59.561 209 massim.framework.connection.XMLSocketSimulationAgent.getAction:430  No valid document received in time. Returning InvalidAction.
20110313 16:32:59.562 211 massim.framework.connection.XMLSocketSimulationAgent.getAction:430  No valid document received in time. Returning InvalidAction.
20110313 16:32:59.565 212 massim.framework.connection.XMLSocketSimulationAgent.getAction:430  No valid document received in time. Returning InvalidAction.
20110313 16:32:59.568 215 massim.framework.connection.XMLSocketSimulationAgent.getAction:430  No valid document received in time. Returning InvalidAction.
20110313 16:32:59.569 214 massim.framework.connection.XMLSocketSimulationAgent.getAction:430  No valid document received in time. Returning InvalidAction.
20110313 16:32:59.572 213 massim.framework.connection.XMLSocketSimulationAgent.getAction:430  No valid document received in time. Returning InvalidAction.
20110313 16:32:59.573 216 massim.framework.connection.XMLSocketSimulationAgent.getAction:430  No valid document received in time. Returning InvalidAction.
20110313 16:32:59.576 217 massim.framework.connection.XMLSocketSimulationAgent.getAction:430  No valid document received in time. Returning InvalidAction.
20110313 16:32:59.583 218 massim.framework.connection.XMLSocketSimulationAgent.getAction:430  No valid document received in time. Returning InvalidAction.
20110313 16:32:59.583 219 massim.framework.connection.XMLSocketSimulationAgent.getAction:430  No valid document received in time. Returning InvalidAction.
20110313 16:32:59.584 220 massim.framework.connection.XMLSocketSimulationAgent.getAction:430  No valid document received in time. Returning InvalidAction.
20110313 16:32:59.585 221 massim.framework.connection.XMLSocketSimulationAgent.getAction:430  No valid document received in time. Returning InvalidAction.
20110313 16:32:59.585 1 massim.competition2011.GraphSimulation.postSimulationStep:85  Simulation at step: 10
20110313 16:32:59.586 1 massim.framework.ObjectDumperObserver.notifySimulationState:57
20110313 16:33:02.090 222 massim.framework.connection.XMLSocketSimulationAgent.getAction:430  No valid document received in time. Returning InvalidAction.
20110313 16:33:02.092 223 massim.framework.connection.XMLSocketSimulationAgent.getAction:430  No valid document received in time. Returning InvalidAction.
20110313 16:33:02.093 224 massim.framework.connection.XMLSocketSimulationAgent.getAction:430  No valid document received in time. Returning InvalidAction.
20110313 16:33:02.094 225 massim.framework.connection.XMLSocketSimulationAgent.getAction:430  No valid document received in time. Returning InvalidAction.
20110313 16:33:02.095 227 massim.framework.connection.XMLSocketSimulationAgent.getAction:430  No valid document received in time. Returning InvalidAction.
20110313 16:33:02.095 226 massim.framework.connection.XMLSocketSimulationAgent.getAction:430  No valid document received in time. Returning InvalidAction.
20110313 16:33:02.096 228 massim.framework.connection.XMLSocketSimulationAgent.getAction:430  No valid document received in time. Returning InvalidAction.
20110313 16:33:02.097 229 massim.framework.connection.XMLSocketSimulationAgent.getAction:430  No valid document received in time. Returning InvalidAction.
20110313 16:33:02.098 231 massim.framework.connection.XMLSocketSimulationAgent.getAction:430  No valid document received in time. Returning InvalidAction.
20110313 16:33:02.098 230 massim.framework.connection.XMLSocketSimulationAgent.getAction:430  No valid document received in time. Returning InvalidAction.
20110313 16:33:02.099 232 massim.framework.connection.XMLSocketSimulationAgent.getAction:430  No valid document received in time. Returning InvalidAction.
20110313 16:33:02.100 233 massim.framework.connection.XMLSocketSimulationAgent.getAction:430  No valid document received in time. Returning InvalidAction.
20110313 16:33:02.100 234 massim.framework.connection.XMLSocketSimulationAgent.getAction:430  No valid document received in time. Returning InvalidAction.
20110313 16:33:02.102 235 massim.framework.connection.XMLSocketSimulationAgent.getAction:430  No valid document received in time. Returning InvalidAction.
20110313 16:33:02.103 236 massim.framework.connection.XMLSocketSimulationAgent.getAction:430  No valid document received in time. Returning InvalidAction.
20110313 16:33:02.104 237 massim.framework.connection.XMLSocketSimulationAgent.getAction:430  No valid document received in time. Returning InvalidAction.
20110313 16:33:02.106 238 massim.framework.connection.XMLSocketSimulationAgent.getAction:430  No valid document received in time. Returning InvalidAction.
20110313 16:33:02.108 239 massim.framework.connection.XMLSocketSimulationAgent.getAction:430  No valid document received in time. Returning InvalidAction.
20110313 16:33:02.110 240 massim.framework.connection.XMLSocketSimulationAgent.getAction:430  No valid document received in time. Returning InvalidAction.
20110313 16:33:02.111 241 massim.framework.connection.XMLSocketSimulationAgent.getAction:430  No valid document received in time. Returning InvalidAction.
20110313 16:33:02.112 1 massim.competition2011.GraphSimulation.postSimulationStep:85  Simulation at step: 11
20110313 16:33:02.112 1 massim.framework.ObjectDumperObserver.notifySimulationState:57
20110313 16:33:04.617 242 massim.framework.connection.XMLSocketSimulationAgent.getAction:430  No valid document received in time. Returning InvalidAction.
20110313 16:33:04.620 243 massim.framework.connection.XMLSocketSimulationAgent.getAction:430  No valid document received in time. Returning InvalidAction.
20110313 16:33:04.621 244 massim.framework.connection.XMLSocketSimulationAgent.getAction:430  No valid document received in time. Returning InvalidAction.
20110313 16:33:04.623 245 massim.framework.connection.XMLSocketSimulationAgent.getAction:430  No valid document received in time. Returning InvalidAction.
20110313 16:33:04.624 247 massim.framework.connection.XMLSocketSimulationAgent.getAction:430  No valid document received in time. Returning InvalidAction.
20110313 16:33:04.625 246 massim.framework.connection.XMLSocketSimulationAgent.getAction:430  No valid document received in time. Returning InvalidAction.
20110313 16:33:04.626 248 massim.framework.connection.XMLSocketSimulationAgent.getAction:430  No valid document received in time. Returning InvalidAction.
20110313 16:33:04.627 249 massim.framework.connection.XMLSocketSimulationAgent.getAction:430  No valid document received in time. Returning InvalidAction.
20110313 16:33:04.628 250 massim.framework.connection.XMLSocketSimulationAgent.getAction:430  No valid document received in time. Returning InvalidAction.
20110313 16:33:04.629 251 massim.framework.connection.XMLSocketSimulationAgent.getAction:430  No valid document received in time. Returning InvalidAction.
20110313 16:33:04.630 252 massim.framework.connection.XMLSocketSimulationAgent.getAction:430  No valid document received in time. Returning InvalidAction.
20110313 16:33:04.631 253 massim.framework.connection.XMLSocketSimulationAgent.getAction:430  No valid document received in time. Returning InvalidAction.
20110313 16:33:04.632 254 massim.framework.connection.XMLSocketSimulationAgent.getAction:430  No valid document received in time. Returning InvalidAction.
20110313 16:33:04.633 255 massim.framework.connection.XMLSocketSimulationAgent.getAction:430  No valid document received in time. Returning InvalidAction.
20110313 16:33:04.633 256 massim.framework.connection.XMLSocketSimulationAgent.getAction:430  No valid document received in time. Returning InvalidAction.
20110313 16:33:04.634 257 massim.framework.connection.XMLSocketSimulationAgent.getAction:430  No valid document received in time. Returning InvalidAction.
20110313 16:33:04.635 258 massim.framework.connection.XMLSocketSimulationAgent.getAction:430  No valid document received in time. Returning InvalidAction.
20110313 16:33:04.636 259 massim.framework.connection.XMLSocketSimulationAgent.getAction:430  No valid document received in time. Returning InvalidAction.
20110313 16:33:04.637 260 massim.framework.connection.XMLSocketSimulationAgent.getAction:430  No valid document received in time. Returning InvalidAction.
20110313 16:33:04.638 261 massim.framework.connection.XMLSocketSimulationAgent.getAction:430  No valid document received in time. Returning InvalidAction.
20110313 16:33:04.641 1 massim.competition2011.GraphSimulation.postSimulationStep:85  Simulation at step: 12
20110313 16:33:04.642 1 massim.framework.ObjectDumperObserver.notifySimulationState:57
20110313 16:33:07.147 262 massim.framework.connection.XMLSocketSimulationAgent.getAction:430  No valid document received in time. Returning InvalidAction.
20110313 16:33:07.148 263 massim.framework.connection.XMLSocketSimulationAgent.getAction:430  No valid document received in time. Returning InvalidAction.
20110313 16:33:07.149 264 massim.framework.connection.XMLSocketSimulationAgent.getAction:430  No valid document received in time. Returning InvalidAction.
20110313 16:33:07.150 265 massim.framework.connection.XMLSocketSimulationAgent.getAction:430  No valid document received in time. Returning InvalidAction.
20110313 16:33:07.151 266 massim.framework.connection.XMLSocketSimulationAgent.getAction:430  No valid document received in time. Returning InvalidAction.
20110313 16:33:07.173 267 massim.framework.connection.XMLSocketSimulationAgent.getAction:430  No valid document received in time. Returning InvalidAction.
20110313 16:33:07.184 268 massim.framework.connection.XMLSocketSimulationAgent.getAction:430  No valid document received in time. Returning InvalidAction.
20110313 16:33:07.189 269 massim.framework.connection.XMLSocketSimulationAgent.getAction:430  No valid document received in time. Returning InvalidAction.
20110313 16:33:07.190 270 massim.framework.connection.XMLSocketSimulationAgent.getAction:430  No valid document received in time. Returning InvalidAction.
20110313 16:33:07.191 271 massim.framework.connection.XMLSocketSimulationAgent.getAction:430  No valid document received in time. Returning InvalidAction.
20110313 16:33:07.192 272 massim.framework.connection.XMLSocketSimulationAgent.getAction:430  No valid document received in time. Returning InvalidAction.
20110313 16:33:07.193 273 massim.framework.connection.XMLSocketSimulationAgent.getAction:430  No valid document received in time. Returning InvalidAction.
20110313 16:33:07.194 274 massim.framework.connection.XMLSocketSimulationAgent.getAction:430  No valid document received in time. Returning InvalidAction.
20110313 16:33:07.195 275 massim.framework.connection.XMLSocketSimulationAgent.getAction:430  No valid document received in time. Returning InvalidAction.
20110313 16:33:07.196 276 massim.framework.connection.XMLSocketSimulationAgent.getAction:430  No valid document received in time. Returning InvalidAction.
20110313 16:33:07.197 277 massim.framework.connection.XMLSocketSimulationAgent.getAction:430  No valid document received in time. Returning InvalidAction.
20110313 16:33:07.200 278 massim.framework.connection.XMLSocketSimulationAgent.getAction:430  No valid document received in time. Returning InvalidAction.
20110313 16:33:07.201 280 massim.framework.connection.XMLSocketSimulationAgent.getAction:430  No valid document received in time. Returning InvalidAction.
20110313 16:33:07.202 281 massim.framework.connection.XMLSocketSimulationAgent.getAction:430  No valid document received in time. Returning InvalidAction.
20110313 16:33:07.203 279 massim.framework.connection.XMLSocketSimulationAgent.getAction:430  No valid document received in time. Returning InvalidAction.
20110313 16:33:07.203 1 massim.competition2011.GraphSimulation.postSimulationStep:85  Simulation at step: 13
20110313 16:33:07.204 1 massim.framework.ObjectDumperObserver.notifySimulationState:57
20110313 16:33:09.708 283 massim.framework.connection.XMLSocketSimulationAgent.getAction:430  No valid document received in time. Returning InvalidAction.
20110313 16:33:09.708 282 massim.framework.connection.XMLSocketSimulationAgent.getAction:430  No valid document received in time. Returning InvalidAction.
20110313 16:33:09.716 284 massim.framework.connection.XMLSocketSimulationAgent.getAction:430  No valid document received in time. Returning InvalidAction.
20110313 16:33:09.718 285 massim.framework.connection.XMLSocketSimulationAgent.getAction:430  No valid document received in time. Returning InvalidAction.
20110313 16:33:09.718 286 massim.framework.connection.XMLSocketSimulationAgent.getAction:430  No valid document received in time. Returning InvalidAction.
20110313 16:33:09.719 287 massim.framework.connection.XMLSocketSimulationAgent.getAction:430  No valid document received in time. Returning InvalidAction.
20110313 16:33:09.720 288 massim.framework.connection.XMLSocketSimulationAgent.getAction:430  No valid document received in time. Returning InvalidAction.
20110313 16:33:09.720 290 massim.framework.connection.XMLSocketSimulationAgent.getAction:430  No valid document received in time. Returning InvalidAction.
20110313 16:33:09.720 289 massim.framework.connection.XMLSocketSimulationAgent.getAction:430  No valid document received in time. Returning InvalidAction.
20110313 16:33:09.721 291 massim.framework.connection.XMLSocketSimulationAgent.getAction:430  No valid document received in time. Returning InvalidAction.
20110313 16:33:09.723 292 massim.framework.connection.XMLSocketSimulationAgent.getAction:430  No valid document received in time. Returning InvalidAction.
20110313 16:33:09.723 293 massim.framework.connection.XMLSocketSimulationAgent.getAction:430  No valid document received in time. Returning InvalidAction.
20110313 16:33:09.730 294 massim.framework.connection.XMLSocketSimulationAgent.getAction:430  No valid document received in time. Returning InvalidAction.
20110313 16:33:09.731 296 massim.framework.connection.XMLSocketSimulationAgent.getAction:430  No valid document received in time. Returning InvalidAction.
20110313 16:33:09.731 295 massim.framework.connection.XMLSocketSimulationAgent.getAction:430  No valid document received in time. Returning InvalidAction.
20110313 16:33:09.732 298 massim.framework.connection.XMLSocketSimulationAgent.getAction:430  No valid document received in time. Returning InvalidAction.
20110313 16:33:09.732 297 massim.framework.connection.XMLSocketSimulationAgent.getAction:430  No valid document received in time. Returning InvalidAction.
20110313 16:33:09.734 299 massim.framework.connection.XMLSocketSimulationAgent.getAction:430  No valid document received in time. Returning InvalidAction.
20110313 16:33:09.735 300 massim.framework.connection.XMLSocketSimulationAgent.getAction:430  No valid document received in time. Returning InvalidAction.
20110313 16:33:09.735 301 massim.framework.connection.XMLSocketSimulationAgent.getAction:430  No valid document received in time. Returning InvalidAction.
20110313 16:33:09.736 1 massim.competition2011.GraphSimulation.postSimulationStep:85  Simulation at step: 14
20110313 16:33:09.736 1 massim.framework.ObjectDumperObserver.notifySimulationState:57
20110313 16:33:12.242 302 massim.framework.connection.XMLSocketSimulationAgent.getAction:430  No valid document received in time. Returning InvalidAction.
20110313 16:33:12.242 303 massim.framework.connection.XMLSocketSimulationAgent.getAction:430  No valid document received in time. Returning InvalidAction.
20110313 16:33:12.246 304 massim.framework.connection.XMLSocketSimulationAgent.getAction:430  No valid document received in time. Returning InvalidAction.
20110313 16:33:12.247 305 massim.framework.connection.XMLSocketSimulationAgent.getAction:430  No valid document received in time. Returning InvalidAction.
20110313 16:33:12.247 306 massim.framework.connection.XMLSocketSimulationAgent.getAction:430  No valid document received in time. Returning InvalidAction.
20110313 16:33:12.258 307 massim.framework.connection.XMLSocketSimulationAgent.getAction:430  No valid document received in time. Returning InvalidAction.
20110313 16:33:12.259 308 massim.framework.connection.XMLSocketSimulationAgent.getAction:430  No valid document received in time. Returning InvalidAction.
20110313 16:33:12.260 309 massim.framework.connection.XMLSocketSimulationAgent.getAction:430  No valid document received in time. Returning InvalidAction.
20110313 16:33:12.260 310 massim.framework.connection.XMLSocketSimulationAgent.getAction:430  No valid document received in time. Returning InvalidAction.
20110313 16:33:12.261 311 massim.framework.connection.XMLSocketSimulationAgent.getAction:430  No valid document received in time. Returning InvalidAction.
20110313 16:33:12.261 312 massim.framework.connection.XMLSocketSimulationAgent.getAction:430  No valid document received in time. Returning InvalidAction.
20110313 16:33:12.262 314 massim.framework.connection.XMLSocketSimulationAgent.getAction:430  No valid document received in time. Returning InvalidAction.
20110313 16:33:12.262 313 massim.framework.connection.XMLSocketSimulationAgent.getAction:430  No valid document received in time. Returning InvalidAction.
20110313 16:33:12.263 315 massim.framework.connection.XMLSocketSimulationAgent.getAction:430  No valid document received in time. Returning InvalidAction.
20110313 16:33:12.263 316 massim.framework.connection.XMLSocketSimulationAgent.getAction:430  No valid document received in time. Returning InvalidAction.
20110313 16:33:12.267 317 massim.framework.connection.XMLSocketSimulationAgent.getAction:430  No valid document received in time. Returning InvalidAction.
20110313 16:33:12.268 318 massim.framework.connection.XMLSocketSimulationAgent.getAction:430  No valid document received in time. Returning InvalidAction.
20110313 16:33:12.268 319 massim.framework.connection.XMLSocketSimulationAgent.getAction:430  No valid document received in time. Returning InvalidAction.
20110313 16:33:12.268 320 massim.framework.connection.XMLSocketSimulationAgent.getAction:430  No valid document received in time. Returning InvalidAction.
20110313 16:33:12.269 321 massim.framework.connection.XMLSocketSimulationAgent.getAction:430  No valid document received in time. Returning InvalidAction.
20110313 16:33:12.269 1 massim.competition2011.GraphSimulation.postSimulationStep:85  Simulation at step: 15
20110313 16:33:12.270 1 massim.framework.ObjectDumperObserver.notifySimulationState:57
20110313 16:33:14.778 322 massim.framework.connection.XMLSocketSimulationAgent.getAction:430  No valid document received in time. Returning InvalidAction.
20110313 16:33:14.782 323 massim.framework.connection.XMLSocketSimulationAgent.getAction:430  No valid document received in time. Returning InvalidAction.
20110313 16:33:14.785 324 massim.framework.connection.XMLSocketSimulationAgent.getAction:430  No valid document received in time. Returning InvalidAction.
20110313 16:33:14.787 325 massim.framework.connection.XMLSocketSimulationAgent.getAction:430  No valid document received in time. Returning InvalidAction.
20110313 16:33:14.788 326 massim.framework.connection.XMLSocketSimulationAgent.getAction:430  No valid document received in time. Returning InvalidAction.
20110313 16:33:14.791 327 massim.framework.connection.XMLSocketSimulationAgent.getAction:430  No valid document received in time. Returning InvalidAction.
20110313 16:33:14.792 328 massim.framework.connection.XMLSocketSimulationAgent.getAction:430  No valid document received in time. Returning InvalidAction.
20110313 16:33:14.799 330 massim.framework.connection.XMLSocketSimulationAgent.getAction:430  No valid document received in time. Returning InvalidAction.
20110313 16:33:14.800 331 massim.framework.connection.XMLSocketSimulationAgent.getAction:430  No valid document received in time. Returning InvalidAction.
20110313 16:33:14.801 332 massim.framework.connection.XMLSocketSimulationAgent.getAction:430  No valid document received in time. Returning InvalidAction.
20110313 16:33:14.802 333 massim.framework.connection.XMLSocketSimulationAgent.getAction:430  No valid document received in time. Returning InvalidAction.
20110313 16:33:14.802 329 massim.framework.connection.XMLSocketSimulationAgent.getAction:430  No valid document received in time. Returning InvalidAction.
20110313 16:33:14.803 334 massim.framework.connection.XMLSocketSimulationAgent.getAction:430  No valid document received in time. Returning InvalidAction.
20110313 16:33:14.804 335 massim.framework.connection.XMLSocketSimulationAgent.getAction:430  No valid document received in time. Returning InvalidAction.
20110313 16:33:14.805 336 massim.framework.connection.XMLSocketSimulationAgent.getAction:430  No valid document received in time. Returning InvalidAction.
20110313 16:33:14.806 339 massim.framework.connection.XMLSocketSimulationAgent.getAction:430  No valid document received in time. Returning InvalidAction.
20110313 16:33:14.806 338 massim.framework.connection.XMLSocketSimulationAgent.getAction:430  No valid document received in time. Returning InvalidAction.
20110313 16:33:14.806 337 massim.framework.connection.XMLSocketSimulationAgent.getAction:430  No valid document received in time. Returning InvalidAction.
20110313 16:33:14.807 340 massim.framework.connection.XMLSocketSimulationAgent.getAction:430  No valid document received in time. Returning InvalidAction.
20110313 16:33:14.808 341 massim.framework.connection.XMLSocketSimulationAgent.getAction:430  No valid document received in time. Returning InvalidAction.
20110313 16:33:14.808 1 massim.competition2011.GraphSimulation.postSimulationStep:85  Simulation at step: 16
20110313 16:33:14.809 1 massim.framework.ObjectDumperObserver.notifySimulationState:57
20110313 16:33:17.313 342 massim.framework.connection.XMLSocketSimulationAgent.getAction:430  No valid document received in time. Returning InvalidAction.
20110313 16:33:17.313 343 massim.framework.connection.XMLSocketSimulationAgent.getAction:430  No valid document received in time. Returning InvalidAction.
20110313 16:33:17.314 344 massim.framework.connection.XMLSocketSimulationAgent.getAction:430  No valid document received in time. Returning InvalidAction.
20110313 16:33:17.315 345 massim.framework.connection.XMLSocketSimulationAgent.getAction:430  No valid document received in time. Returning InvalidAction.
20110313 16:33:17.320 347 massim.framework.connection.XMLSocketSimulationAgent.getAction:430  No valid document received in time. Returning InvalidAction.
20110313 16:33:17.321 348 massim.framework.connection.XMLSocketSimulationAgent.getAction:430  No valid document received in time. Returning InvalidAction.
20110313 16:33:17.322 349 massim.framework.connection.XMLSocketSimulationAgent.getAction:430  No valid document received in time. Returning InvalidAction.
20110313 16:33:17.323 350 massim.framework.connection.XMLSocketSimulationAgent.getAction:430  No valid document received in time. Returning InvalidAction.
20110313 16:33:17.323 351 massim.framework.connection.XMLSocketSimulationAgent.getAction:430  No valid document received in time. Returning InvalidAction.
20110313 16:33:17.324 352 massim.framework.connection.XMLSocketSimulationAgent.getAction:430  No valid document received in time. Returning InvalidAction.
20110313 16:33:17.325 353 massim.framework.connection.XMLSocketSimulationAgent.getAction:430  No valid document received in time. Returning InvalidAction.
20110313 16:33:17.326 354 massim.framework.connection.XMLSocketSimulationAgent.getAction:430  No valid document received in time. Returning InvalidAction.
20110313 16:33:17.327 355 massim.framework.connection.XMLSocketSimulationAgent.getAction:430  No valid document received in time. Returning InvalidAction.
20110313 16:33:17.328 356 massim.framework.connection.XMLSocketSimulationAgent.getAction:430  No valid document received in time. Returning InvalidAction.
20110313 16:33:17.329 357 massim.framework.connection.XMLSocketSimulationAgent.getAction:430  No valid document received in time. Returning InvalidAction.
20110313 16:33:17.330 358 massim.framework.connection.XMLSocketSimulationAgent.getAction:430  No valid document received in time. Returning InvalidAction.
20110313 16:33:17.331 359 massim.framework.connection.XMLSocketSimulationAgent.getAction:430  No valid document received in time. Returning InvalidAction.
20110313 16:33:17.332 346 massim.framework.connection.XMLSocketSimulationAgent.getAction:430  No valid document received in time. Returning InvalidAction.
20110313 16:33:17.333 360 massim.framework.connection.XMLSocketSimulationAgent.getAction:430  No valid document received in time. Returning InvalidAction.
20110313 16:33:17.334 361 massim.framework.connection.XMLSocketSimulationAgent.getAction:430  No valid document received in time. Returning InvalidAction.
20110313 16:33:17.334 1 massim.competition2011.GraphSimulation.postSimulationStep:85  Simulation at step: 17
20110313 16:33:17.335 1 massim.framework.ObjectDumperObserver.notifySimulationState:57
